#
# A fatal error has been detected by the Java Runtime Environment:
#
#  EXCEPTION_ACCESS_VIOLATION (0xc0000005) at pc=0xffffffffa45b5120, pid=4360, tid=0x0000000000001530
#
# JRE version: OpenJDK Runtime Environment (8.0_152-b02) (build 1.8.0_152-release-1024-b02)
# Java VM: OpenJDK 64-Bit Server VM (25.152-b02 mixed mode windows-amd64 compressed oops)
# Problematic frame:
# C  0xffffffffa45b5120
#
# Failed to write core dump. Minidumps are not enabled by default on client versions of Windows
#
# If you would like to submit a bug report, please visit:
#   http://bugreport.java.com/bugreport/crash.jsp
#

---------------  T H R E A D  ---------------

Current thread (0x0000000058b25000):  JavaThread "Task worker for ':'" [_thread_in_Java, id=5424, stack(0x0000000060d00000,0x0000000060e00000)]

siginfo: ExceptionCode=0xc0000005, ExceptionInformation=0x0000000000000008 0xffffffffa45b5120

Registers:
RAX=0x0000000060ac1c10, RBX=0x0000000060ac1c10, RCX=0x00000000e84849d0, RDX=0x00000000e84849d0
RSP=0x0000000060dfb668, RBP=0x0000000060dfb6c8, RSI=0x0000000000000000, RDI=0x00000000611c30a0
R8 =0x00000000e75ec970, R9 =0x00000000e75ec6f8, R10=0x0000000063d1b680, R11=0x0000000003ff4020
R12=0x0000000000000000, R13=0x0000000060dfb678, R14=0x0000000000000000, R15=0x0000000058b25000
RIP=0xffffffffa45b5120, EFLAGS=0x0000000000010202

Top of Stack: (sp=0x0000000060dfb668)
0x0000000060dfb668:   00000000025b7850 00000000025b7850
0x0000000060dfb678:   00000000e75ec970 00000000e84849d0
0x0000000060dfb688:   0000000060dfb688 0000000060b6e507
0x0000000060dfb698:   0000000060dfb700 0000000060fa9868
0x0000000060dfb6a8:   0000000000000000 0000000060b6e598
0x0000000060dfb6b8:   0000000060dfb678 0000000060dfb6f0
0x0000000060dfb6c8:   0000000060dfb748 00000000025b7e00
0x0000000060dfb6d8:   0000000000000000 0000000000000000
0x0000000060dfb6e8:   00000000e84849d0 00000000e833a448
0x0000000060dfb6f8:   00000000e89e01e8 00000000e76a49c8
0x0000000060dfb708:   0000000060dfb708 0000000060b6ea1e
0x0000000060dfb718:   0000000060dfb768 0000000060fa9868
0x0000000060dfb728:   0000000000000000 0000000060b6ea28
0x0000000060dfb738:   0000000060dfb6f0 0000000060dfb770
0x0000000060dfb748:   0000000060dfb850 000000000406f8cc
0x0000000060dfb758:   00000000e833a448 00000000e89e01e8 

Instructions: (pc=0xffffffffa45b5120)
0xffffffffa45b5100:   
[error occurred during error reporting (printing registers, top of stack, instructions near pc), id 0xc0000005]

Register to memory mapping:

RAX={method} {0x0000000060ac1c18} 'hasTag' '(Lcom/sun/tools/javac/code/TypeTag;)Z' in 'com/sun/tools/javac/code/Type'
RBX={method} {0x0000000060ac1c18} 'hasTag' '(Lcom/sun/tools/javac/code/TypeTag;)Z' in 'com/sun/tools/javac/code/Type'
RCX=0x00000000e84849d0 is an oop
com.sun.tools.javac.code.Type$ClassType 
 - klass: 'com/sun/tools/javac/code/Type$ClassType'
RDX=0x00000000e84849d0 is an oop
com.sun.tools.javac.code.Type$ClassType 
 - klass: 'com/sun/tools/javac/code/Type$ClassType'
RSP=0x0000000060dfb668 is pointing into the stack for thread: 0x0000000058b25000
RBP=0x0000000060dfb6c8 is pointing into the stack for thread: 0x0000000058b25000
RSI=0x0000000000000000 is an unknown value
RDI=0x00000000611c30a0 is pointing into metadata
R8 =0x00000000e75ec970 is an oop
com.sun.tools.javac.code.TypeTag 
 - klass: 'com/sun/tools/javac/code/TypeTag'
R9 =0x00000000e75ec6f8 is an oop
java.lang.Class 
 - klass: 'java/lang/Class'
R10=0x0000000063d1b680 is an unknown value
R11=0x0000000003ff4020 is at entry_point+32 in (nmethod*)0x0000000003ff3e90
R12=0x0000000000000000 is an unknown value
R13=0x0000000060dfb678 is pointing into the stack for thread: 0x0000000058b25000
R14=0x0000000000000000 is an unknown value
R15=0x0000000058b25000 is a thread


Stack: [0x0000000060d00000,0x0000000060e00000],  sp=0x0000000060dfb668,  free space=1005k
Native frames: (J=compiled Java code, j=interpreted, Vv=VM code, C=native code)
C  0xffffffffa45b5120


---------------  P R O C E S S  ---------------

Java Threads: ( => current thread )
  0x0000000058b25800 JavaThread "Cache worker for Java compile cache (D:\android\AndroidStudioProjects\OmegaMusicQuiz\.gradle\4.4\javaCompile)" [_thread_blocked, id=5432, stack(0x0000000060ea0000,0x0000000060fa0000)]
=>0x0000000058b25000 JavaThread "Task worker for ':'" [_thread_in_Java, id=5424, stack(0x0000000060d00000,0x0000000060e00000)]
  0x0000000058b24000 JavaThread "Cache worker for Build Output Cleanup Cache (D:\android\AndroidStudioProjects\OmegaMusicQuiz\.gradle\buildOutputCleanup)" [_thread_blocked, id=5420, stack(0x000000005e100000,0x000000005e200000)]
  0x0000000058b23800 JavaThread "Cache worker for task history cache (D:\android\AndroidStudioProjects\OmegaMusicQuiz\.gradle\4.4\taskHistory)" [_thread_blocked, id=5416, stack(0x000000005a7d0000,0x000000005a8d0000)]
  0x0000000058b22000 JavaThread "Cache worker for file content cache (D:\android\AndroidStudioProjects\OmegaMusicQuiz\.gradle\4.4\fileContent)" [_thread_blocked, id=5412, stack(0x000000005eb50000,0x000000005ec50000)]
  0x000000005b924000 JavaThread "build operations Thread 2" [_thread_blocked, id=5408, stack(0x000000005a270000,0x000000005a370000)]
  0x000000005b922000 JavaThread "build operations" [_thread_blocked, id=5404, stack(0x0000000060670000,0x0000000060770000)]
  0x000000005ad4f000 JavaThread "Cache worker for Artifact transforms cache (C:\Users\MARIA\.gradle\caches\transforms-1)" [_thread_blocked, id=5400, stack(0x0000000059600000,0x0000000059700000)]
  0x000000005ad4d000 JavaThread "Cache worker for file hash cache (D:\android\AndroidStudioProjects\OmegaMusicQuiz\.gradle\4.4\fileHashes)" [_thread_blocked, id=5396, stack(0x000000005a5b0000,0x000000005a6b0000)]
  0x000000005ad4c000 JavaThread "Stdin handler" [_thread_blocked, id=5384, stack(0x000000005b9b0000,0x000000005bab0000)]
  0x000000005ad4a800 JavaThread "Asynchronous log dispatcher for DefaultDaemonConnection: socket connection from /127.0.0.1:50426 to /127.0.0.1:50510" [_thread_blocked, id=5380, stack(0x000000005a120000,0x000000005a220000)]
  0x000000005ad48800 JavaThread "Daemon worker Thread 2" [_thread_blocked, id=5376, stack(0x0000000059f60000,0x000000005a060000)]
  0x000000005ad4b800 JavaThread "Cancel handler" [_thread_blocked, id=5372, stack(0x0000000059de0000,0x0000000059ee0000)]
  0x000000005ad4a000 JavaThread "Handler for socket connection from /127.0.0.1:50426 to /127.0.0.1:50510" [_thread_in_native, id=5368, stack(0x0000000059ac0000,0x0000000059bc0000)]
  0x000000005ad4d800 JavaThread "Daemon Thread 2" [_thread_blocked, id=5364, stack(0x00000000598a0000,0x00000000599a0000)]
  0x000000005b928000 JavaThread "Memory manager" [_thread_blocked, id=640, stack(0x000000005dff0000,0x000000005e0f0000)]
  0x000000005b927000 JavaThread "pool-1-thread-1" [_thread_blocked, id=3596, stack(0x000000005e200000,0x000000005e300000)]
  0x00000000589b2000 JavaThread "File lock request listener" [_thread_in_native, id=4712, stack(0x000000005a8e0000,0x000000005a9e0000)]
  0x0000000058935800 JavaThread "Cache worker for file hash cache (C:\Users\MARIA\.gradle\caches\4.4\fileHashes)" [_thread_blocked, id=3408, stack(0x000000005a6c0000,0x000000005a7c0000)]
  0x0000000058692000 JavaThread "Daemon periodic checks" [_thread_blocked, id=4160, stack(0x0000000059710000,0x0000000059810000)]
  0x0000000058584000 JavaThread "Incoming local TCP Connector on port 50426" [_thread_in_native, id=4856, stack(0x00000000594b0000,0x00000000595b0000)]
  0x0000000057128800 JavaThread "Service Thread" daemon [_thread_blocked, id=4264, stack(0x0000000056e40000,0x0000000056f40000)]
  0x0000000055c48800 JavaThread "C1 CompilerThread1" daemon [_thread_blocked, id=4372, stack(0x0000000057010000,0x0000000057110000)]
  0x0000000055c41000 JavaThread "C2 CompilerThread0" daemon [_thread_blocked, id=3872, stack(0x0000000056920000,0x0000000056a20000)]
  0x0000000055c50800 JavaThread "Attach Listener" daemon [_thread_blocked, id=3384, stack(0x0000000056d40000,0x0000000056e40000)]
  0x0000000055c4f000 JavaThread "Signal Dispatcher" daemon [_thread_blocked, id=3960, stack(0x0000000056bf0000,0x0000000056cf0000)]
  0x0000000055c2d000 JavaThread "Finalizer" daemon [_thread_blocked, id=3660, stack(0x0000000056ac0000,0x0000000056bc0000)]
  0x0000000055be3800 JavaThread "Reference Handler" daemon [_thread_blocked, id=956, stack(0x00000000566f0000,0x00000000567f0000)]
  0x000000000037e800 JavaThread "main" [_thread_blocked, id=4464, stack(0x00000000021e0000,0x00000000022e0000)]

Other Threads:
  0x0000000055bdb800 VMThread [stack: 0x0000000056810000,0x0000000056910000] [id=1484]
  0x0000000057151000 WatcherThread [stack: 0x00000000575f0000,0x00000000576f0000] [id=788]

VM state:not at safepoint (normal execution)

VM Mutex/Monitor currently owned by a thread: None

Heap:
 PSYoungGen      total 255488K, used 150014K [0x00000000e0000000, 0x00000000f2680000, 0x0000000100000000)
  eden space 247296K, 57% used [0x00000000e0000000,0x00000000e8afe890,0x00000000ef180000)
  from space 8192K, 93% used [0x00000000f1e80000,0x00000000f2600fb0,0x00000000f2680000)
  to   space 16896K, 0% used [0x00000000f0580000,0x00000000f0580000,0x00000000f1600000)
 ParOldGen       total 94720K, used 44866K [0x00000000a0000000, 0x00000000a5c80000, 0x00000000e0000000)
  object space 94720K, 47% used [0x00000000a0000000,0x00000000a2bd0b40,0x00000000a5c80000)
 Metaspace       used 66299K, capacity 69086K, committed 69208K, reserved 1110016K
  class space    used 8805K, capacity 9545K, committed 9600K, reserved 1048576K

Card table byte_map: [0x0000000011970000,0x0000000011c80000] byte_map_base: 0x0000000011470000

Marking Bits: (ParMarkBitMap*) 0x0000000063d34970
 Begin Bits: [0x0000000011fb0000, 0x00000000137b0000)
 End Bits:   [0x00000000137b0000, 0x0000000014fb0000)

Polling page: 0x0000000000360000

CodeCache: size=245760Kb used=27314Kb max_used=27314Kb free=218445Kb
 bounds [0x00000000025b0000, 0x0000000004080000, 0x00000000115b0000]
 total_blobs=9484 nmethods=8692 adapters=704
 compilation: enabled

Compilation events (10 events):
Event: 773.912 Thread 0x0000000055c48800 nmethod 10319 0x0000000004078b50 code [0x0000000004078ca0, 0x0000000004078db0]
Event: 773.912 Thread 0x0000000055c48800 10321       3       com.sun.tools.javac.code.Types$18::visitClassType (10 bytes)
Event: 773.912 Thread 0x0000000055c48800 nmethod 10321 0x0000000004078610 code [0x0000000004078780, 0x0000000004078a48]
Event: 773.912 Thread 0x0000000055c48800 10324       3       com.sun.tools.javac.util.List::prepend (10 bytes)
Event: 773.912 Thread 0x0000000055c48800 nmethod 10324 0x0000000004078050 code [0x00000000040781c0, 0x00000000040784b0]
Event: 773.913 Thread 0x0000000055c48800 10325       3       com.sun.tools.javac.code.Types$DefaultTypeVisitor::visit (7 bytes)
Event: 773.913 Thread 0x0000000055c48800 nmethod 10325 0x0000000004077bd0 code [0x0000000004077d40, 0x0000000004077f68]
Event: 773.913 Thread 0x0000000055c48800 10329       3       com.sun.tools.javac.code.Type::hasTag (14 bytes)
Event: 773.914 Thread 0x0000000055c48800 nmethod 10329 0x0000000004077690 code [0x0000000004077800, 0x0000000004077a68]
Event: 773.914 Thread 0x0000000055c48800 10328       3       com.sun.tools.javac.code.Types$18::visitClassType (130 bytes)

GC Heap History (10 events):
Event: 12.076 GC heap before
{Heap before GC invocations=13 (full 2):
 PSYoungGen      total 159232K, used 148480K [0x00000000e0000000, 0x00000000ec100000, 0x0000000100000000)
  eden space 148480K, 100% used [0x00000000e0000000,0x00000000e9100000,0x00000000e9100000)
  from space 10752K, 0% used [0x00000000e9c00000,0x00000000e9c00000,0x00000000ea680000)
  to   space 11264K, 0% used [0x00000000e9100000,0x00000000e9100000,0x00000000e9c00000)
 ParOldGen       total 51712K, used 17085K [0x00000000a0000000, 0x00000000a3280000, 0x00000000e0000000)
  object space 51712K, 33% used [0x00000000a0000000,0x00000000a10af420,0x00000000a3280000)
 Metaspace       used 47925K, capacity 49144K, committed 49368K, reserved 1091584K
  class space    used 6485K, capacity 6874K, committed 6912K, reserved 1048576K
Event: 12.123 GC heap after
Heap after GC invocations=13 (full 2):
 PSYoungGen      total 159744K, used 11248K [0x00000000e0000000, 0x00000000ee300000, 0x0000000100000000)
  eden space 148480K, 0% used [0x00000000e0000000,0x00000000e0000000,0x00000000e9100000)
  from space 11264K, 99% used [0x00000000e9100000,0x00000000e9bfc2c8,0x00000000e9c00000)
  to   space 14848K, 0% used [0x00000000ed480000,0x00000000ed480000,0x00000000ee300000)
 ParOldGen       total 51712K, used 22746K [0x00000000a0000000, 0x00000000a3280000, 0x00000000e0000000)
  object space 51712K, 43% used [0x00000000a0000000,0x00000000a1636b70,0x00000000a3280000)
 Metaspace       used 47925K, capacity 49144K, committed 49368K, reserved 1091584K
  class space    used 6485K, capacity 6874K, committed 6912K, reserved 1048576K
}
Event: 14.939 GC heap before
{Heap before GC invocations=14 (full 2):
 PSYoungGen      total 159744K, used 159728K [0x00000000e0000000, 0x00000000ee300000, 0x0000000100000000)
  eden space 148480K, 100% used [0x00000000e0000000,0x00000000e9100000,0x00000000e9100000)
  from space 11264K, 99% used [0x00000000e9100000,0x00000000e9bfc2c8,0x00000000e9c00000)
  to   space 14848K, 0% used [0x00000000ed480000,0x00000000ed480000,0x00000000ee300000)
 ParOldGen       total 51712K, used 22746K [0x00000000a0000000, 0x00000000a3280000, 0x00000000e0000000)
  object space 51712K, 43% used [0x00000000a0000000,0x00000000a1636b70,0x00000000a3280000)
 Metaspace       used 54908K, capacity 56774K, committed 56920K, reserved 1097728K
  class space    used 7500K, capacity 7969K, committed 8064K, reserved 1048576K
Event: 15.010 GC heap after
Heap after GC invocations=14 (full 2):
 PSYoungGen      total 216064K, used 13757K [0x00000000e0000000, 0x00000000ee480000, 0x0000000100000000)
  eden space 201216K, 0% used [0x00000000e0000000,0x00000000e0000000,0x00000000ec480000)
  from space 14848K, 92% used [0x00000000ed480000,0x00000000ee1ef7f8,0x00000000ee300000)
  to   space 16384K, 0% used [0x00000000ec480000,0x00000000ec480000,0x00000000ed480000)
 ParOldGen       total 51712K, used 31885K [0x00000000a0000000, 0x00000000a3280000, 0x00000000e0000000)
  object space 51712K, 61% used [0x00000000a0000000,0x00000000a1f23530,0x00000000a3280000)
 Metaspace       used 54908K, capacity 56774K, committed 56920K, reserved 1097728K
  class space    used 7500K, capacity 7969K, committed 8064K, reserved 1048576K
}
Event: 17.413 GC heap before
{Heap before GC invocations=15 (full 2):
 PSYoungGen      total 216064K, used 138376K [0x00000000e0000000, 0x00000000ee480000, 0x0000000100000000)
  eden space 201216K, 61% used [0x00000000e0000000,0x00000000e79b2b00,0x00000000ec480000)
  from space 14848K, 92% used [0x00000000ed480000,0x00000000ee1ef7f8,0x00000000ee300000)
  to   space 16384K, 0% used [0x00000000ec480000,0x00000000ec480000,0x00000000ed480000)
 ParOldGen       total 51712K, used 31885K [0x00000000a0000000, 0x00000000a3280000, 0x00000000e0000000)
  object space 51712K, 61% used [0x00000000a0000000,0x00000000a1f23530,0x00000000a3280000)
 Metaspace       used 57047K, capacity 58948K, committed 58968K, reserved 1099776K
  class space    used 7766K, capacity 8301K, committed 8320K, reserved 1048576K
Event: 17.532 GC heap after
Heap after GC invocations=15 (full 2):
 PSYoungGen      total 217600K, used 13095K [0x00000000e0000000, 0x00000000f3000000, 0x0000000100000000)
  eden space 201216K, 0% used [0x00000000e0000000,0x00000000e0000000,0x00000000ec480000)
  from space 16384K, 79% used [0x00000000ec480000,0x00000000ed149d58,0x00000000ed480000)
  to   space 17920K, 0% used [0x00000000f1e80000,0x00000000f1e80000,0x00000000f3000000)
 ParOldGen       total 51712K, used 39755K [0x00000000a0000000, 0x00000000a3280000, 0x00000000e0000000)
  object space 51712K, 76% used [0x00000000a0000000,0x00000000a26d2f68,0x00000000a3280000)
 Metaspace       used 57047K, capacity 58948K, committed 58968K, reserved 1099776K
  class space    used 7766K, capacity 8301K, committed 8320K, reserved 1048576K
}
Event: 17.532 GC heap before
{Heap before GC invocations=16 (full 3):
 PSYoungGen      total 217600K, used 13095K [0x00000000e0000000, 0x00000000f3000000, 0x0000000100000000)
  eden space 201216K, 0% used [0x00000000e0000000,0x00000000e0000000,0x00000000ec480000)
  from space 16384K, 79% used [0x00000000ec480000,0x00000000ed149d58,0x00000000ed480000)
  to   space 17920K, 0% used [0x00000000f1e80000,0x00000000f1e80000,0x00000000f3000000)
 ParOldGen       total 51712K, used 39755K [0x00000000a0000000, 0x00000000a3280000, 0x00000000e0000000)
  object space 51712K, 76% used [0x00000000a0000000,0x00000000a26d2f68,0x00000000a3280000)
 Metaspace       used 57047K, capacity 58948K, committed 58968K, reserved 1099776K
  class space    used 7766K, capacity 8301K, committed 8320K, reserved 1048576K
Event: 18.312 GC heap after
Heap after GC invocations=16 (full 3):
 PSYoungGen      total 217600K, used 0K [0x00000000e0000000, 0x00000000f3000000, 0x0000000100000000)
  eden space 201216K, 0% used [0x00000000e0000000,0x00000000e0000000,0x00000000ec480000)
  from space 16384K, 0% used [0x00000000ec480000,0x00000000ec480000,0x00000000ed480000)
  to   space 17920K, 0% used [0x00000000f1e80000,0x00000000f1e80000,0x00000000f3000000)
 ParOldGen       total 94720K, used 44858K [0x00000000a0000000, 0x00000000a5c80000, 0x00000000e0000000)
  object space 94720K, 47% used [0x00000000a0000000,0x00000000a2bceb40,0x00000000a5c80000)
 Metaspace       used 57047K, capacity 58948K, committed 58968K, reserved 1099776K
  class space    used 7766K, capacity 8301K, committed 8320K, reserved 1048576K
}
Event: 767.669 GC heap before
{Heap before GC invocations=17 (full 3):
 PSYoungGen      total 217600K, used 201216K [0x00000000e0000000, 0x00000000f3000000, 0x0000000100000000)
  eden space 201216K, 100% used [0x00000000e0000000,0x00000000ec480000,0x00000000ec480000)
  from space 16384K, 0% used [0x00000000ec480000,0x00000000ec480000,0x00000000ed480000)
  to   space 17920K, 0% used [0x00000000f1e80000,0x00000000f1e80000,0x00000000f3000000)
 ParOldGen       total 94720K, used 44858K [0x00000000a0000000, 0x00000000a5c80000, 0x00000000e0000000)
  object space 94720K, 47% used [0x00000000a0000000,0x00000000a2bceb40,0x00000000a5c80000)
 Metaspace       used 61673K, capacity 64240K, committed 64472K, reserved 1105920K
  class space    used 8225K, capacity 8906K, committed 8960K, reserved 1048576K
Event: 767.692 GC heap after
Heap after GC invocations=17 (full 3):
 PSYoungGen      total 255488K, used 7683K [0x00000000e0000000, 0x00000000f2680000, 0x0000000100000000)
  eden space 247296K, 0% used [0x00000000e0000000,0x00000000e0000000,0x00000000ef180000)
  from space 8192K, 93% used [0x00000000f1e80000,0x00000000f2600fb0,0x00000000f2680000)
  to   space 16896K, 0% used [0x00000000f0580000,0x00000000f0580000,0x00000000f1600000)
 ParOldGen       total 94720K, used 44866K [0x00000000a0000000, 0x00000000a5c80000, 0x00000000e0000000)
  object space 94720K, 47% used [0x00000000a0000000,0x00000000a2bd0b40,0x00000000a5c80000)
 Metaspace       used 61673K, capacity 64240K, committed 64472K, reserved 1105920K
  class space    used 8225K, capacity 8906K, committed 8960K, reserved 1048576K
}

Deoptimization events (10 events):
Event: 771.996 Thread 0x0000000058b25000 Uncommon trap: reason=unstable_if action=reinterpret pc=0x0000000003a3bb3c method=org.gradle.api.internal.file.pattern.PatternMatcherFactory$PathMatcherBackedSpec.isSatisfiedBy(Lorg/gradle/api/file/RelativePath;)Z @ 11
Event: 772.010 Thread 0x0000000058b25000 Uncommon trap: reason=unstable_if action=reinterpret pc=0x0000000003a373d4 method=org.gradle.api.internal.file.pattern.FixedStepPathMatcher.matches([Ljava/lang/String;I)Z @ 35
Event: 772.130 Thread 0x0000000058b25000 Uncommon trap: reason=bimorphic action=maybe_recompile pc=0x0000000003f1aedc method=java.util.HashMap.removeNode(ILjava/lang/Object;Ljava/lang/Object;ZZ)Ljava/util/HashMap$Node; @ 143
Event: 772.130 Thread 0x0000000058b25000 Uncommon trap: reason=bimorphic action=maybe_recompile pc=0x0000000003f1aedc method=java.util.HashMap.removeNode(ILjava/lang/Object;Ljava/lang/Object;ZZ)Ljava/util/HashMap$Node; @ 143
Event: 772.130 Thread 0x0000000058b25000 Uncommon trap: reason=bimorphic action=maybe_recompile pc=0x0000000003f1aedc method=java.util.HashMap.removeNode(ILjava/lang/Object;Ljava/lang/Object;ZZ)Ljava/util/HashMap$Node; @ 143
Event: 772.130 Thread 0x0000000058b25000 Uncommon trap: reason=bimorphic action=maybe_recompile pc=0x0000000003f1aedc method=java.util.HashMap.removeNode(ILjava/lang/Object;Ljava/lang/Object;ZZ)Ljava/util/HashMap$Node; @ 143
Event: 772.385 Thread 0x0000000058b25000 Uncommon trap: reason=unstable_if action=reinterpret pc=0x0000000003d4a1b0 method=org.gradle.api.internal.file.pattern.PatternMatcherFactory$PathMatcherBackedSpec.isSatisfiedBy(Lorg/gradle/api/file/RelativePath;)Z @ 11
Event: 773.302 Thread 0x0000000058b25000 Uncommon trap: reason=unstable_if action=reinterpret pc=0x000000000341fcb4 method=java.lang.StringCoding$StringDecoder.decode([BII)[C @ 20
Event: 773.467 Thread 0x0000000058b25000 Uncommon trap: reason=predicate action=maybe_recompile pc=0x000000000306a8c0 method=java.util.ComparableTimSort.binarySort([Ljava/lang/Object;III)V @ 37
Event: 773.541 Thread 0x0000000058b25000 Uncommon trap: reason=predicate action=maybe_recompile pc=0x0000000003d63440 method=java.util.Collections.indexedBinarySearch(Ljava/util/List;Ljava/lang/Object;)I @ 16

Classes redefined (0 events):
No events

Internal exceptions (10 events):
Event: 769.593 Thread 0x000000005ad48800 Exception <a 'sun/nio/fs/WindowsException'> (0x00000000e358a128) thrown at [D:\src\AOSP-openjdk-cygwin\jdk8u\hotspot\src\share\vm\prims\jni.cpp, line 709]
Event: 769.593 Thread 0x000000005ad48800 Exception <a 'sun/nio/fs/WindowsException'> (0x00000000e358acd8) thrown at [D:\src\AOSP-openjdk-cygwin\jdk8u\hotspot\src\share\vm\prims\jni.cpp, line 709]
Event: 769.593 Thread 0x000000005ad48800 Exception <a 'sun/nio/fs/WindowsException'> (0x00000000e358d6a8) thrown at [D:\src\AOSP-openjdk-cygwin\jdk8u\hotspot\src\share\vm\prims\jni.cpp, line 709]
Event: 769.593 Thread 0x000000005ad48800 Exception <a 'sun/nio/fs/WindowsException'> (0x00000000e358e288) thrown at [D:\src\AOSP-openjdk-cygwin\jdk8u\hotspot\src\share\vm\prims\jni.cpp, line 709]
Event: 769.594 Thread 0x000000005ad48800 Exception <a 'sun/nio/fs/WindowsException'> (0x00000000e358fea0) thrown at [D:\src\AOSP-openjdk-cygwin\jdk8u\hotspot\src\share\vm\prims\jni.cpp, line 709]
Event: 769.594 Thread 0x000000005ad48800 Exception <a 'sun/nio/fs/WindowsException'> (0x00000000e3590ac0) thrown at [D:\src\AOSP-openjdk-cygwin\jdk8u\hotspot\src\share\vm\prims\jni.cpp, line 709]
Event: 769.594 Thread 0x000000005ad48800 Exception <a 'sun/nio/fs/WindowsException'> (0x00000000e3593708) thrown at [D:\src\AOSP-openjdk-cygwin\jdk8u\hotspot\src\share\vm\prims\jni.cpp, line 709]
Event: 769.594 Thread 0x000000005ad48800 Exception <a 'sun/nio/fs/WindowsException'> (0x00000000e35943c8) thrown at [D:\src\AOSP-openjdk-cygwin\jdk8u\hotspot\src\share\vm\prims\jni.cpp, line 709]
Event: 769.594 Thread 0x000000005ad48800 Exception <a 'sun/nio/fs/WindowsException'> (0x00000000e35960d0) thrown at [D:\src\AOSP-openjdk-cygwin\jdk8u\hotspot\src\share\vm\prims\jni.cpp, line 709]
Event: 769.594 Thread 0x000000005ad48800 Exception <a 'sun/nio/fs/WindowsException'> (0x00000000e3596dc8) thrown at [D:\src\AOSP-openjdk-cygwin\jdk8u\hotspot\src\share\vm\prims\jni.cpp, line 709]

Events (10 events):
Event: 773.894 loading class com/sun/tools/javac/comp/Annotate$AnnotateRepeatedContext
Event: 773.894 loading class com/sun/tools/javac/comp/Annotate$AnnotateRepeatedContext done
Event: 773.896 loading class com/sun/tools/javac/main/JavaCompiler$2
Event: 773.896 loading class com/sun/tools/javac/main/JavaCompiler$2 done
Event: 773.909 loading class com/sun/tools/javac/comp/Check$Validator
Event: 773.909 loading class com/sun/tools/javac/comp/Check$Validator done
Event: 773.912 loading class com/sun/tools/javac/code/Types$ImplementationCache$Entry
Event: 773.912 loading class com/sun/tools/javac/code/Types$ImplementationCache$Entry done
Event: 773.912 loading class com/sun/tools/javac/code/Types$Subst
Event: 773.912 loading class com/sun/tools/javac/code/Types$Subst done


Dynamic libraries:
0x000000013f110000 - 0x000000013f141000 	C:\Program Files\Android\Android Studio4\jre\bin\java.exe
0x0000000077b50000 - 0x0000000077cef000 	C:\Windows\SYSTEM32\ntdll.dll
0x000007fef1760000 - 0x000007fef1794000 	C:\Program Files\AVAST Software\Avast\x64\aswhooka.dll
0x0000000077a30000 - 0x0000000077b4f000 	C:\Windows\system32\kernel32.dll
0x000007fefd9c0000 - 0x000007fefda2a000 	C:\Windows\system32\KERNELBASE.dll
0x000007fefdd20000 - 0x000007fefddfb000 	C:\Windows\system32\ADVAPI32.dll
0x000007fefe6a0000 - 0x000007fefe73f000 	C:\Windows\system32\msvcrt.dll
0x000007feffb80000 - 0x000007feffb9f000 	C:\Windows\SYSTEM32\sechost.dll
0x000007fefe9a0000 - 0x000007fefeacd000 	C:\Windows\system32\RPCRT4.dll
0x0000000077930000 - 0x0000000077a2a000 	C:\Windows\system32\USER32.dll
0x000007fefdcb0000 - 0x000007fefdd17000 	C:\Windows\system32\GDI32.dll
0x000007fefe5f0000 - 0x000007fefe5fe000 	C:\Windows\system32\LPK.dll
0x000007fefdbe0000 - 0x000007fefdcab000 	C:\Windows\system32\USP10.dll
0x000007fefbd30000 - 0x000007fefbf24000 	C:\Windows\WinSxS\amd64_microsoft.windows.common-controls_6595b64144ccf1df_6.0.7601.18837_none_fa3b1e3d17594757\COMCTL32.dll
0x000007fefe740000 - 0x000007fefe7b1000 	C:\Windows\system32\SHLWAPI.dll
0x000007fefe3c0000 - 0x000007fefe3ee000 	C:\Windows\system32\IMM32.DLL
0x000007feffba0000 - 0x000007feffca9000 	C:\Windows\system32\MSCTF.dll
0x0000000065640000 - 0x0000000065712000 	C:\Program Files\Android\Android Studio4\jre\jre\bin\msvcr100.dll
0x0000000063570000 - 0x0000000063daf000 	C:\Program Files\Android\Android Studio4\jre\jre\bin\server\jvm.dll
0x000007fefa490000 - 0x000007fefa499000 	C:\Windows\system32\WSOCK32.dll
0x000007feffb30000 - 0x000007feffb7d000 	C:\Windows\system32\WS2_32.dll
0x000007fefe150000 - 0x000007fefe158000 	C:\Windows\system32\NSI.dll
0x000007fefaa70000 - 0x000007fefaaab000 	C:\Windows\system32\WINMM.dll
0x000007fefc8e0000 - 0x000007fefc8ec000 	C:\Windows\system32\VERSION.dll
0x0000000077d00000 - 0x0000000077d07000 	C:\Windows\system32\PSAPI.DLL
0x000007fef78b0000 - 0x000007fef78bf000 	C:\Program Files\Android\Android Studio4\jre\jre\bin\verify.dll
0x000007fef39e0000 - 0x000007fef3a09000 	C:\Program Files\Android\Android Studio4\jre\jre\bin\java.dll
0x000007fef5120000 - 0x000007fef5136000 	C:\Program Files\Android\Android Studio4\jre\jre\bin\zip.dll
0x000007fefead0000 - 0x000007feff85b000 	C:\Windows\system32\SHELL32.dll
0x000007fefe3f0000 - 0x000007fefe5ed000 	C:\Windows\system32\ole32.dll
0x000007fefd830000 - 0x000007fefd83f000 	C:\Windows\system32\profapi.dll
0x000007fee7100000 - 0x000007fee711a000 	C:\Program Files\Android\Android Studio4\jre\jre\bin\net.dll
0x000007fefcfb0000 - 0x000007fefd005000 	C:\Windows\system32\mswsock.dll
0x000007fefcfa0000 - 0x000007fefcfa7000 	C:\Windows\System32\wship6.dll
0x000007fee70e0000 - 0x000007fee70f1000 	C:\Program Files\Android\Android Studio4\jre\jre\bin\nio.dll
0x000007fef55f0000 - 0x000007fef560e000 	C:\Users\MARIA\.gradle\native\25\windows-amd64\native-platform.dll
0x000007fef5300000 - 0x000007fef530d000 	C:\Program Files\Android\Android Studio4\jre\jre\bin\management.dll
0x000007fefd010000 - 0x000007fefd028000 	C:\Windows\system32\CRYPTSP.dll
0x000007fefcd10000 - 0x000007fefcd57000 	C:\Windows\system32\rsaenh.dll
0x000007fefdbb0000 - 0x000007fefdbce000 	C:\Windows\system32\USERENV.dll
0x000007fefd6c0000 - 0x000007fefd6cf000 	C:\Windows\system32\CRYPTBASE.dll
0x000007fefb030000 - 0x000007fefb057000 	C:\Windows\system32\IPHLPAPI.DLL
0x000007fefb010000 - 0x000007fefb01b000 	C:\Windows\system32\WINNSI.DLL
0x000007fefaea0000 - 0x000007fefaeb1000 	C:\Windows\system32\dhcpcsvc6.DLL
0x000007fefae80000 - 0x000007fefae98000 	C:\Windows\system32\dhcpcsvc.DLL
0x000007fef2dd0000 - 0x000007fef2ef5000 	C:\Windows\system32\dbghelp.dll

VM Arguments:
jvm_args: -Xmx1536m -Dfile.encoding=windows-1253 -Duser.country=GR -Duser.language=el -Duser.variant 
java_command: org.gradle.launcher.daemon.bootstrap.GradleDaemon 4.4
java_class_path (initial): C:\Users\MARIA\.gradle\wrapper\dists\gradle-4.4-all\9br9xq1tocpiv8o6njlyu5op1\gradle-4.4\lib\gradle-launcher-4.4.jar
Launcher Type: SUN_STANDARD

Environment Variables:
PATH=C:\ProgramData\Oracle\Java\javapath;C:\Program Files\ImageMagick-7.0.7-Q16;;;;;C:\Windows\system32;C:\Windows;C:\Windows\System32\Wbem;C:\Windows\System32\WindowsPowerShell\v1.0\;C:\Program Files\Java\jdk1.8.0_161\bin;C:\Program Files (x86)\Common Files\HP\Digital Imaging\bin;C:\Program Files (x86)\HP\Digital Imaging\bin\;C:\Program Files (x86)\HP\Digital Imaging\bin\Qt\Qt 4.3.3;C:\Program Files (x86)\Git\cmd
USERNAME=MARIA
OS=Windows_NT
PROCESSOR_IDENTIFIER=Intel64 Family 6 Model 23 Stepping 10, GenuineIntel



---------------  S Y S T E M  ---------------

OS: Windows 7 , 64 bit Build 7601 (6.1.7601.24094)

CPU:total 2 (initial active 2) (2 cores per cpu, 1 threads per core) family 6 model 23 stepping 10, cmov, cx8, fxsr, mmx, sse, sse2, sse3, ssse3, sse4.1, tsc

Memory: 4k page, physical 4192824k(799432k free), swap 8383772k(4439896k free)

vm_info: OpenJDK 64-Bit Server VM (25.152-b02) for windows-amd64 JRE (1.8.0_152-release-1024-b02), built by "builder" with MS VC++ 10.0 (VS2010)

time: Fri Apr 13 13:31:22 2018
elapsed time: 773 seconds (0d 0h 12m 53s)

