#
# A fatal error has been detected by the Java Runtime Environment:
#
#  EXCEPTION_ACCESS_VIOLATION (0xc0000005) at pc=0xffffffffa35a5120, pid=4436, tid=0x0000000000000b70
#
# JRE version: OpenJDK Runtime Environment (8.0_152-b02) (build 1.8.0_152-release-1024-b02)
# Java VM: OpenJDK 64-Bit Server VM (25.152-b02 mixed mode windows-amd64 compressed oops)
# Problematic frame:
# C  0xffffffffa35a5120
#
# Failed to write core dump. Minidumps are not enabled by default on client versions of Windows
#
# If you would like to submit a bug report, please visit:
#   http://bugreport.java.com/bugreport/crash.jsp
#

---------------  T H R E A D  ---------------

Current thread (0x0000000058830000):  JavaThread "Daemon worker" [_thread_in_Java, id=2928, stack(0x0000000059b20000,0x0000000059c20000)]

siginfo: ExceptionCode=0xc0000005, ExceptionInformation=0x0000000000000008 0xffffffffa35a5120

Registers:
RAX=0x000000005542b140, RBX=0x000000005542b140, RCX=0x00000000e09da798, RDX=0x00000000e09da798
RSP=0x0000000059c1b878, RBP=0x0000000059c1b8f0, RSI=0x0000000000000a58, RDI=0x000000000000011f
R8 =0x0000000000002725, R9 =0x00000000588176e0, R10=0x0000000061b0b630, R11=0x00000000032ee720
R12=0x0000000000000000, R13=0x0000000059c1b890, R14=0x0000000059c1b918, R15=0x0000000058830000
RIP=0xffffffffa35a5120, EFLAGS=0x0000000000010202

Top of Stack: (sp=0x0000000059c1b878)
0x0000000059c1b878:   00000000025a7965 0000000000000000
0x0000000059c1b888:   00000000025a7965 0000000000002725
0x0000000059c1b898:   00000000e09da798 0000000000002725
0x0000000059c1b8a8:   00000000e09f1a70 0000000059c1b8b0
0x0000000059c1b8b8:   000000005e8622bd 0000000059c1b918
0x0000000059c1b8c8:   000000005e8625c8 0000000000000000
0x0000000059c1b8d8:   000000005e862338 0000000059c1b890
0x0000000059c1b8e8:   0000000059c1b910 0000000059c1b960
0x0000000059c1b8f8:   00000000025a80b6 0000000000002725
0x0000000059c1b908:   0000000000004001 00000000e09da798
0x0000000059c1b918:   00000000e09cc320 0000000059c1b920
0x0000000059c1b928:   000000005e86484a 0000000059c1b978
0x0000000059c1b938:   000000005e865690 0000000000000000
0x0000000059c1b948:   000000005e864880 0000000059c1b910
0x0000000059c1b958:   0000000059c1b970 0000000059c1b9c0
0x0000000059c1b968:   00000000025a8071 0000000000000000 

Instructions: (pc=0xffffffffa35a5120)
0xffffffffa35a5100:   
[error occurred during error reporting (printing registers, top of stack, instructions near pc), id 0xc0000005]

Register to memory mapping:

RAX={method} {0x000000005542b148} 'charAt' '(I)C' in 'java/lang/StringBuilder'
RBX={method} {0x000000005542b148} 'charAt' '(I)C' in 'java/lang/StringBuilder'
RCX=0x00000000e09da798 is an oop
java.lang.StringBuilder 
 - klass: 'java/lang/StringBuilder'
RDX=0x00000000e09da798 is an oop
java.lang.StringBuilder 
 - klass: 'java/lang/StringBuilder'
RSP=0x0000000059c1b878 is pointing into the stack for thread: 0x0000000058830000
RBP=0x0000000059c1b8f0 is pointing into the stack for thread: 0x0000000058830000
RSI=0x0000000000000a58 is an unknown value
RDI=0x000000000000011f is an unknown value
R8 =0x0000000000002725 is an unknown value
R9 =0x00000000588176e0 is an unknown value
R10=0x0000000061b0b630 is an unknown value
R11=0x00000000032ee720 is at entry_point+32 in (nmethod*)0x00000000032ee590
R12=0x0000000000000000 is an unknown value
R13=0x0000000059c1b890 is pointing into the stack for thread: 0x0000000058830000
R14=0x0000000059c1b918 is pointing into the stack for thread: 0x0000000058830000
R15=0x0000000058830000 is a thread


Stack: [0x0000000059b20000,0x0000000059c20000],  sp=0x0000000059c1b878,  free space=1006k
Native frames: (J=compiled Java code, j=interpreted, Vv=VM code, C=native code)
C  0xffffffffa35a5120


---------------  P R O C E S S  ---------------

Java Threads: ( => current thread )
  0x0000000058915000 JavaThread "Memory manager" [_thread_blocked, id=2544, stack(0x000000005e070000,0x000000005e170000)]
  0x0000000058914800 JavaThread "pool-1-thread-1" [_thread_blocked, id=3324, stack(0x000000005bae0000,0x000000005bbe0000)]
  0x0000000058913000 JavaThread "build operations Thread 2" [_thread_blocked, id=764, stack(0x000000005d880000,0x000000005d980000)]
  0x0000000058912000 JavaThread "build operations" [_thread_blocked, id=3212, stack(0x000000005d660000,0x000000005d760000)]
  0x0000000058910800 JavaThread "Cache worker for Artifact transforms cache (C:\Users\MARIA\.gradle\caches\transforms-1)" [_thread_blocked, id=948, stack(0x0000000059450000,0x0000000059550000)]
  0x0000000058f7f000 JavaThread "Cache worker for file hash cache (D:\android\AndroidStudioProjects\OmegaMusicQuiz\.gradle\4.4\fileHashes)" [_thread_blocked, id=1500, stack(0x000000005a260000,0x000000005a360000)]
  0x0000000058964000 JavaThread "File lock request listener" [_thread_in_native, id=4952, stack(0x000000005a6e0000,0x000000005a7e0000)]
  0x0000000058924000 JavaThread "Cache worker for file hash cache (C:\Users\MARIA\.gradle\caches\4.4\fileHashes)" [_thread_blocked, id=5096, stack(0x000000005a7f0000,0x000000005a8f0000)]
  0x0000000058834000 JavaThread "Stdin handler" [_thread_blocked, id=4724, stack(0x000000005a3c0000,0x000000005a4c0000)]
  0x000000005882e800 JavaThread "Asynchronous log dispatcher for DefaultDaemonConnection: socket connection from /127.0.0.1:49587 to /127.0.0.1:49588" [_thread_blocked, id=2612, stack(0x000000005a160000,0x000000005a260000)]
=>0x0000000058830000 JavaThread "Daemon worker" [_thread_in_Java, id=2928, stack(0x0000000059b20000,0x0000000059c20000)]
  0x000000005881b000 JavaThread "Cancel handler" [_thread_blocked, id=2380, stack(0x0000000059ff0000,0x000000005a0f0000)]
  0x00000000587fe000 JavaThread "Handler for socket connection from /127.0.0.1:49587 to /127.0.0.1:49588" [_thread_in_native, id=4240, stack(0x0000000059c90000,0x0000000059d90000)]
  0x00000000587db800 JavaThread "Daemon" [_thread_blocked, id=1292, stack(0x00000000599d0000,0x0000000059ad0000)]
  0x0000000058766000 JavaThread "Daemon periodic checks" [_thread_blocked, id=4640, stack(0x00000000596c0000,0x00000000597c0000)]
  0x000000005875d000 JavaThread "Incoming local TCP Connector on port 49587" [_thread_in_native, id=164, stack(0x0000000059800000,0x0000000059900000)]
  0x0000000057200800 JavaThread "Service Thread" daemon [_thread_blocked, id=2716, stack(0x0000000057690000,0x0000000057790000)]
  0x0000000055d49000 JavaThread "C1 CompilerThread1" daemon [_thread_blocked, id=1616, stack(0x00000000570f0000,0x00000000571f0000)]
  0x0000000055d44800 JavaThread "C2 CompilerThread0" daemon [_thread_blocked, id=1812, stack(0x0000000056f30000,0x0000000057030000)]
  0x0000000055d43000 JavaThread "Attach Listener" daemon [_thread_blocked, id=3628, stack(0x0000000056d60000,0x0000000056e60000)]
  0x0000000055d51000 JavaThread "Signal Dispatcher" daemon [_thread_blocked, id=724, stack(0x0000000056c60000,0x0000000056d60000)]
  0x0000000055d27000 JavaThread "Finalizer" daemon [_thread_blocked, id=4576, stack(0x0000000056ac0000,0x0000000056bc0000)]
  0x0000000055ce3800 JavaThread "Reference Handler" daemon [_thread_blocked, id=4376, stack(0x0000000056990000,0x0000000056a90000)]
  0x0000000001e4e800 JavaThread "main" [_thread_blocked, id=2560, stack(0x00000000021d0000,0x00000000022d0000)]

Other Threads:
  0x0000000055cdb800 VMThread [stack: 0x0000000056820000,0x0000000056920000] [id=2972]
  0x000000005722d000 WatcherThread [stack: 0x0000000057790000,0x0000000057890000] [id=3568]

VM state:not at safepoint (normal execution)

VM Mutex/Monitor currently owned by a thread: None

Heap:
 PSYoungGen      total 194048K, used 26491K [0x00000000e0000000, 0x00000000ed400000, 0x0000000100000000)
  eden space 180736K, 7% used [0x00000000e0000000,0x00000000e0ce18a8,0x00000000eb080000)
  from space 13312K, 99% used [0x00000000ec700000,0x00000000ed3fd388,0x00000000ed400000)
  to   space 15872K, 0% used [0x00000000eb500000,0x00000000eb500000,0x00000000ec480000)
 ParOldGen       total 58880K, used 20088K [0x00000000a0000000, 0x00000000a3980000, 0x00000000e0000000)
  object space 58880K, 34% used [0x00000000a0000000,0x00000000a139e190,0x00000000a3980000)
 Metaspace       used 46100K, capacity 47004K, committed 47320K, reserved 1089536K
  class space    used 6293K, capacity 6609K, committed 6656K, reserved 1048576K

Card table byte_map: [0x0000000011960000,0x0000000011c70000] byte_map_base: 0x0000000011460000

Marking Bits: (ParMarkBitMap*) 0x0000000061b24970
 Begin Bits: [0x00000000120b0000, 0x00000000138b0000)
 End Bits:   [0x00000000138b0000, 0x00000000150b0000)

Polling page: 0x0000000000150000

CodeCache: size=245760Kb used=13819Kb max_used=13830Kb free=231940Kb
 bounds [0x00000000025a0000, 0x0000000003330000, 0x00000000115a0000]
 total_blobs=4741 nmethods=4004 adapters=650
 compilation: enabled

Compilation events (10 events):
Event: 14.514 Thread 0x0000000055d49000 nmethod 4317 0x0000000003313810 code [0x0000000003313fc0, 0x000000000331aba8]
Event: 14.514 Thread 0x0000000055d49000 4318       3       com.sun.org.apache.xerces.internal.impl.dv.xs.XSSimpleTypeDecl::normalize (321 bytes)
Event: 14.517 Thread 0x0000000055d49000 nmethod 4318 0x000000000331f010 code [0x000000000331f3e0, 0x0000000003321f38]
Event: 14.517 Thread 0x0000000055d49000 4319       3       com.sun.org.apache.xerces.internal.impl.dv.xs.XSSimpleTypeDecl::validate (54 bytes)
Event: 14.518 Thread 0x0000000055d49000 nmethod 4319 0x0000000003307a50 code [0x0000000003307c00, 0x0000000003308098]
Event: 14.519 Thread 0x0000000055d49000 4321       3       com.sun.org.apache.xerces.internal.impl.io.UTF8Reader::read (1443 bytes)
Event: 14.522 Thread 0x0000000055d44800 nmethod 4320 0x0000000003306fd0 code [0x0000000003307120, 0x0000000003307638]
Event: 14.523 Thread 0x0000000055d44800 4322       4       java.lang.StringBuilder::charAt (6 bytes)
Event: 14.523 Thread 0x0000000055d49000 nmethod 4321 0x0000000003326b90 code [0x0000000003326fe0, 0x0000000003329b38]
Event: 14.523 Thread 0x0000000055d44800 nmethod 4322 0x0000000003323b90 code [0x0000000003323ce0, 0x0000000003323d98]

GC Heap History (10 events):
Event: 4.227 GC heap before
{Heap before GC invocations=6 (full 1):
 PSYoungGen      total 68096K, used 2528K [0x00000000e0000000, 0x00000000e9400000, 0x0000000100000000)
  eden space 65536K, 0% used [0x00000000e0000000,0x00000000e0000000,0x00000000e4000000)
  from space 2560K, 98% used [0x00000000e4000000,0x00000000e4278030,0x00000000e4280000)
  to   space 10240K, 0% used [0x00000000e8a00000,0x00000000e8a00000,0x00000000e9400000)
 ParOldGen       total 44032K, used 13708K [0x00000000a0000000, 0x00000000a2b00000, 0x00000000e0000000)
  object space 44032K, 31% used [0x00000000a0000000,0x00000000a0d63328,0x00000000a2b00000)
 Metaspace       used 20814K, capacity 21212K, committed 21248K, reserved 1067008K
  class space    used 2907K, capacity 3042K, committed 3072K, reserved 1048576K
Event: 4.305 GC heap after
Heap after GC invocations=6 (full 1):
 PSYoungGen      total 68096K, used 0K [0x00000000e0000000, 0x00000000e9400000, 0x0000000100000000)
  eden space 65536K, 0% used [0x00000000e0000000,0x00000000e0000000,0x00000000e4000000)
  from space 2560K, 0% used [0x00000000e4000000,0x00000000e4000000,0x00000000e4280000)
  to   space 10240K, 0% used [0x00000000e8a00000,0x00000000e8a00000,0x00000000e9400000)
 ParOldGen       total 39936K, used 10982K [0x00000000a0000000, 0x00000000a2700000, 0x00000000e0000000)
  object space 39936K, 27% used [0x00000000a0000000,0x00000000a0ab9a98,0x00000000a2700000)
 Metaspace       used 20814K, capacity 21212K, committed 21248K, reserved 1067008K
  class space    used 2907K, capacity 3042K, committed 3072K, reserved 1048576K
}
Event: 6.044 GC heap before
{Heap before GC invocations=7 (full 1):
 PSYoungGen      total 68096K, used 65536K [0x00000000e0000000, 0x00000000e9400000, 0x0000000100000000)
  eden space 65536K, 100% used [0x00000000e0000000,0x00000000e4000000,0x00000000e4000000)
  from space 2560K, 0% used [0x00000000e4000000,0x00000000e4000000,0x00000000e4280000)
  to   space 10240K, 0% used [0x00000000e8a00000,0x00000000e8a00000,0x00000000e9400000)
 ParOldGen       total 39936K, used 10982K [0x00000000a0000000, 0x00000000a2700000, 0x00000000e0000000)
  object space 39936K, 27% used [0x00000000a0000000,0x00000000a0ab9a98,0x00000000a2700000)
 Metaspace       used 26589K, capacity 27068K, committed 27136K, reserved 1073152K
  class space    used 3673K, capacity 3833K, committed 3840K, reserved 1048576K
Event: 6.065 GC heap after
Heap after GC invocations=7 (full 1):
 PSYoungGen      total 119808K, used 7207K [0x00000000e0000000, 0x00000000e9180000, 0x0000000100000000)
  eden space 112128K, 0% used [0x00000000e0000000,0x00000000e0000000,0x00000000e6d80000)
  from space 7680K, 93% used [0x00000000e8a00000,0x00000000e9109e40,0x00000000e9180000)
  to   space 10752K, 0% used [0x00000000e7c80000,0x00000000e7c80000,0x00000000e8700000)
 ParOldGen       total 39936K, used 10990K [0x00000000a0000000, 0x00000000a2700000, 0x00000000e0000000)
  object space 39936K, 27% used [0x00000000a0000000,0x00000000a0abba98,0x00000000a2700000)
 Metaspace       used 26589K, capacity 27068K, committed 27136K, reserved 1073152K
  class space    used 3673K, capacity 3833K, committed 3840K, reserved 1048576K
}
Event: 8.005 GC heap before
{Heap before GC invocations=8 (full 1):
 PSYoungGen      total 119808K, used 95179K [0x00000000e0000000, 0x00000000e9180000, 0x0000000100000000)
  eden space 112128K, 78% used [0x00000000e0000000,0x00000000e55e8f28,0x00000000e6d80000)
  from space 7680K, 93% used [0x00000000e8a00000,0x00000000e9109e40,0x00000000e9180000)
  to   space 10752K, 0% used [0x00000000e7c80000,0x00000000e7c80000,0x00000000e8700000)
 ParOldGen       total 39936K, used 10990K [0x00000000a0000000, 0x00000000a2700000, 0x00000000e0000000)
  object space 39936K, 27% used [0x00000000a0000000,0x00000000a0abba98,0x00000000a2700000)
 Metaspace       used 34650K, capacity 35272K, committed 35416K, reserved 1079296K
  class space    used 4784K, capacity 4976K, committed 4992K, reserved 1048576K
Event: 8.082 GC heap after
Heap after GC invocations=8 (full 1):
 PSYoungGen      total 138240K, used 10749K [0x00000000e0000000, 0x00000000ed400000, 0x0000000100000000)
  eden space 127488K, 0% used [0x00000000e0000000,0x00000000e0000000,0x00000000e7c80000)
  from space 10752K, 99% used [0x00000000e7c80000,0x00000000e86ff440,0x00000000e8700000)
  to   space 13312K, 0% used [0x00000000ec700000,0x00000000ec700000,0x00000000ed400000)
 ParOldGen       total 39936K, used 12849K [0x00000000a0000000, 0x00000000a2700000, 0x00000000e0000000)
  object space 39936K, 32% used [0x00000000a0000000,0x00000000a0c8c470,0x00000000a2700000)
 Metaspace       used 34650K, capacity 35272K, committed 35416K, reserved 1079296K
  class space    used 4784K, capacity 4976K, committed 4992K, reserved 1048576K
}
Event: 8.082 GC heap before
{Heap before GC invocations=9 (full 2):
 PSYoungGen      total 138240K, used 10749K [0x00000000e0000000, 0x00000000ed400000, 0x0000000100000000)
  eden space 127488K, 0% used [0x00000000e0000000,0x00000000e0000000,0x00000000e7c80000)
  from space 10752K, 99% used [0x00000000e7c80000,0x00000000e86ff440,0x00000000e8700000)
  to   space 13312K, 0% used [0x00000000ec700000,0x00000000ec700000,0x00000000ed400000)
 ParOldGen       total 39936K, used 12849K [0x00000000a0000000, 0x00000000a2700000, 0x00000000e0000000)
  object space 39936K, 32% used [0x00000000a0000000,0x00000000a0c8c470,0x00000000a2700000)
 Metaspace       used 34650K, capacity 35272K, committed 35416K, reserved 1079296K
  class space    used 4784K, capacity 4976K, committed 4992K, reserved 1048576K
Event: 8.389 GC heap after
Heap after GC invocations=9 (full 2):
 PSYoungGen      total 138240K, used 0K [0x00000000e0000000, 0x00000000ed400000, 0x0000000100000000)
  eden space 127488K, 0% used [0x00000000e0000000,0x00000000e0000000,0x00000000e7c80000)
  from space 10752K, 0% used [0x00000000e7c80000,0x00000000e7c80000,0x00000000e8700000)
  to   space 13312K, 0% used [0x00000000ec700000,0x00000000ec700000,0x00000000ed400000)
 ParOldGen       total 58880K, used 19423K [0x00000000a0000000, 0x00000000a3980000, 0x00000000e0000000)
  object space 58880K, 32% used [0x00000000a0000000,0x00000000a12f7cd8,0x00000000a3980000)
 Metaspace       used 34650K, capacity 35272K, committed 35416K, reserved 1079296K
  class space    used 4784K, capacity 4976K, committed 4992K, reserved 1048576K
}
Event: 13.573 GC heap before
{Heap before GC invocations=10 (full 2):
 PSYoungGen      total 138240K, used 127488K [0x00000000e0000000, 0x00000000ed400000, 0x0000000100000000)
  eden space 127488K, 100% used [0x00000000e0000000,0x00000000e7c80000,0x00000000e7c80000)
  from space 10752K, 0% used [0x00000000e7c80000,0x00000000e7c80000,0x00000000e8700000)
  to   space 13312K, 0% used [0x00000000ec700000,0x00000000ec700000,0x00000000ed400000)
 ParOldGen       total 58880K, used 19423K [0x00000000a0000000, 0x00000000a3980000, 0x00000000e0000000)
  object space 58880K, 32% used [0x00000000a0000000,0x00000000a12f7cd8,0x00000000a3980000)
 Metaspace       used 42858K, capacity 43732K, committed 43864K, reserved 1087488K
  class space    used 5916K, capacity 6185K, committed 6272K, reserved 1048576K
Event: 13.609 GC heap after
Heap after GC invocations=10 (full 2):
 PSYoungGen      total 194048K, used 13300K [0x00000000e0000000, 0x00000000ed400000, 0x0000000100000000)
  eden space 180736K, 0% used [0x00000000e0000000,0x00000000e0000000,0x00000000eb080000)
  from space 13312K, 99% used [0x00000000ec700000,0x00000000ed3fd388,0x00000000ed400000)
  to   space 15872K, 0% used [0x00000000eb500000,0x00000000eb500000,0x00000000ec480000)
 ParOldGen       total 58880K, used 20088K [0x00000000a0000000, 0x00000000a3980000, 0x00000000e0000000)
  object space 58880K, 34% used [0x00000000a0000000,0x00000000a139e190,0x00000000a3980000)
 Metaspace       used 42858K, capacity 43732K, committed 43864K, reserved 1087488K
  class space    used 5916K, capacity 6185K, committed 6272K, reserved 1048576K
}

Deoptimization events (10 events):
Event: 9.008 Thread 0x0000000058830000 Uncommon trap: reason=unstable_if action=reinterpret pc=0x000000000305af34 method=java.lang.reflect.Modifier.toString(I)Ljava/lang/String; @ 123
Event: 9.314 Thread 0x0000000058830000 Uncommon trap: reason=unstable_if action=reinterpret pc=0x0000000002ab446c method=java.lang.CharacterDataLatin1.isWhitespace(I)Z @ 14
Event: 9.375 Thread 0x0000000058830000 Uncommon trap: reason=unstable_if action=reinterpret pc=0x0000000002cf8b1c method=java.security.CodeSource.getCertificates()[Ljava/security/cert/Certificate; @ 22
Event: 9.406 Thread 0x0000000058830000 Uncommon trap: reason=unstable_if action=reinterpret pc=0x0000000002ffc9a8 method=java.util.LinkedHashMap.get(Ljava/lang/Object;)Ljava/lang/Object; @ 20
Event: 13.658 Thread 0x0000000058830000 Uncommon trap: reason=class_check action=maybe_recompile pc=0x0000000002afe0b4 method=java.io.DataInputStream.readUnsignedShort()I @ 4
Event: 13.658 Thread 0x0000000058830000 Uncommon trap: reason=class_check action=maybe_recompile pc=0x0000000002afe0b4 method=java.io.DataInputStream.readUnsignedShort()I @ 4
Event: 13.659 Thread 0x0000000058830000 Uncommon trap: reason=class_check action=maybe_recompile pc=0x0000000002afe0b4 method=java.io.DataInputStream.readUnsignedShort()I @ 4
Event: 13.659 Thread 0x0000000058830000 Uncommon trap: reason=class_check action=maybe_recompile pc=0x0000000002afe0b4 method=java.io.DataInputStream.readUnsignedShort()I @ 4
Event: 14.357 Thread 0x0000000058830000 Uncommon trap: reason=unstable_if action=reinterpret pc=0x000000000322c864 method=java.util.regex.Pattern$BmpCharProperty.match(Ljava/util/regex/Matcher;ILjava/lang/CharSequence;)Z @ 34
Event: 14.357 Thread 0x0000000058830000 Uncommon trap: reason=unstable_if action=reinterpret pc=0x0000000002fd3310 method=java.util.regex.Pattern$BmpCharProperty.match(Ljava/util/regex/Matcher;ILjava/lang/CharSequence;)Z @ 34

Classes redefined (0 events):
No events

Internal exceptions (10 events):
Event: 12.491 Thread 0x0000000058830000 Exception <a 'sun/nio/fs/WindowsException'> (0x00000000e6a982a8) thrown at [D:\src\AOSP-openjdk-cygwin\jdk8u\hotspot\src\share\vm\prims\jni.cpp, line 709]
Event: 12.491 Thread 0x0000000058830000 Exception <a 'sun/nio/fs/WindowsException'> (0x00000000e6a98e88) thrown at [D:\src\AOSP-openjdk-cygwin\jdk8u\hotspot\src\share\vm\prims\jni.cpp, line 709]
Event: 12.491 Thread 0x0000000058830000 Exception <a 'sun/nio/fs/WindowsException'> (0x00000000e6a9aaa0) thrown at [D:\src\AOSP-openjdk-cygwin\jdk8u\hotspot\src\share\vm\prims\jni.cpp, line 709]
Event: 12.491 Thread 0x0000000058830000 Exception <a 'sun/nio/fs/WindowsException'> (0x00000000e6a9b6c0) thrown at [D:\src\AOSP-openjdk-cygwin\jdk8u\hotspot\src\share\vm\prims\jni.cpp, line 709]
Event: 12.520 Thread 0x0000000058830000 Exception <a 'sun/nio/fs/WindowsException'> (0x00000000e6a9e508) thrown at [D:\src\AOSP-openjdk-cygwin\jdk8u\hotspot\src\share\vm\prims\jni.cpp, line 709]
Event: 12.520 Thread 0x0000000058830000 Exception <a 'sun/nio/fs/WindowsException'> (0x00000000e6a9f1c8) thrown at [D:\src\AOSP-openjdk-cygwin\jdk8u\hotspot\src\share\vm\prims\jni.cpp, line 709]
Event: 12.520 Thread 0x0000000058830000 Exception <a 'sun/nio/fs/WindowsException'> (0x00000000e6aa0ed0) thrown at [D:\src\AOSP-openjdk-cygwin\jdk8u\hotspot\src\share\vm\prims\jni.cpp, line 709]
Event: 12.520 Thread 0x0000000058830000 Exception <a 'sun/nio/fs/WindowsException'> (0x00000000e6aa1bc8) thrown at [D:\src\AOSP-openjdk-cygwin\jdk8u\hotspot\src\share\vm\prims\jni.cpp, line 709]
Event: 12.576 Thread 0x0000000058830000 Exception <a 'java/lang/ClassNotFoundException': com/sun/org/glassfish/hk2/osgiresourcelocator/ServiceLoader> (0x00000000e6afde58) thrown at [D:\src\AOSP-openjdk-cygwin\jdk8u\hotspot\src\share\vm\classfile\systemDictionary.cpp, line 210]
Event: 12.963 Thread 0x0000000058830000 Exception <a 'java/lang/NullPointerException'> (0x00000000e6f66930) thrown at [D:\src\AOSP-openjdk-cygwin\jdk8u\hotspot\src\share\vm\interpreter\linkResolver.cpp, line 1301]

Events (10 events):
Event: 14.449 loading class com/sun/org/apache/xerces/internal/impl/xpath/regex/RegularExpression$ClosureContext
Event: 14.450 loading class com/sun/org/apache/xerces/internal/impl/xpath/regex/RegularExpression$ClosureContext done
Event: 14.450 loading class com/sun/xml/bind/DatatypeConverterImpl
Event: 14.450 loading class com/sun/xml/bind/DatatypeConverterImpl done
Event: 14.481 loading class javax/xml/bind/DatatypeConverterInterface
Event: 14.481 loading class javax/xml/bind/DatatypeConverterInterface done
Event: 14.482 loading class javax/xml/datatype/DatatypeConfigurationException
Event: 14.493 loading class javax/xml/datatype/DatatypeConfigurationException done
Event: 14.496 loading class com/sun/xml/bind/v2/runtime/unmarshaller/DefaultIDResolver$1
Event: 14.496 loading class com/sun/xml/bind/v2/runtime/unmarshaller/DefaultIDResolver$1 done


Dynamic libraries:
0x000000013f2a0000 - 0x000000013f2d1000 	C:\Program Files\Android\Android Studio4\jre\bin\java.exe
0x0000000077370000 - 0x000000007750f000 	C:\Windows\SYSTEM32\ntdll.dll
0x000007fef1130000 - 0x000007fef1164000 	C:\Program Files\AVAST Software\Avast\x64\aswhooka.dll
0x0000000077150000 - 0x000000007726f000 	C:\Windows\system32\kernel32.dll
0x000007fefd310000 - 0x000007fefd37a000 	C:\Windows\system32\KERNELBASE.dll
0x000007fefdfa0000 - 0x000007fefe07b000 	C:\Windows\system32\ADVAPI32.dll
0x000007feff120000 - 0x000007feff1bf000 	C:\Windows\system32\msvcrt.dll
0x000007feff100000 - 0x000007feff11f000 	C:\Windows\SYSTEM32\sechost.dll
0x000007fefd510000 - 0x000007fefd63d000 	C:\Windows\system32\RPCRT4.dll
0x0000000077270000 - 0x000000007736a000 	C:\Windows\system32\USER32.dll
0x000007fefd400000 - 0x000007fefd467000 	C:\Windows\system32\GDI32.dll
0x000007fefd670000 - 0x000007fefd67e000 	C:\Windows\system32\LPK.dll
0x000007fefdec0000 - 0x000007fefdf8b000 	C:\Windows\system32\USP10.dll
0x000007fefb610000 - 0x000007fefb804000 	C:\Windows\WinSxS\amd64_microsoft.windows.common-controls_6595b64144ccf1df_6.0.7601.18837_none_fa3b1e3d17594757\COMCTL32.dll
0x000007feff3b0000 - 0x000007feff421000 	C:\Windows\system32\SHLWAPI.dll
0x000007fefd640000 - 0x000007fefd66e000 	C:\Windows\system32\IMM32.DLL
0x000007feff2a0000 - 0x000007feff3a9000 	C:\Windows\system32\MSCTF.dll
0x0000000064a20000 - 0x0000000064af2000 	C:\Program Files\Android\Android Studio4\jre\jre\bin\msvcr100.dll
0x0000000061360000 - 0x0000000061b9f000 	C:\Program Files\Android\Android Studio4\jre\jre\bin\server\jvm.dll
0x000007fef62d0000 - 0x000007fef62d9000 	C:\Windows\system32\WSOCK32.dll
0x000007fefd680000 - 0x000007fefd6cd000 	C:\Windows\system32\WS2_32.dll
0x000007fefdf90000 - 0x000007fefdf98000 	C:\Windows\system32\NSI.dll
0x000007fefa140000 - 0x000007fefa17b000 	C:\Windows\system32\WINMM.dll
0x000007fefc100000 - 0x000007fefc10c000 	C:\Windows\system32\VERSION.dll
0x0000000077520000 - 0x0000000077527000 	C:\Windows\system32\PSAPI.DLL
0x000007fefb950000 - 0x000007fefb95f000 	C:\Program Files\Android\Android Studio4\jre\jre\bin\verify.dll
0x000007fef6f10000 - 0x000007fef6f39000 	C:\Program Files\Android\Android Studio4\jre\jre\bin\java.dll
0x000007fef75f0000 - 0x000007fef7606000 	C:\Program Files\Android\Android Studio4\jre\jre\bin\zip.dll
0x000007fefe350000 - 0x000007feff0db000 	C:\Windows\system32\SHELL32.dll
0x000007fefdcc0000 - 0x000007fefdebd000 	C:\Windows\system32\ole32.dll
0x000007fefd050000 - 0x000007fefd05f000 	C:\Windows\system32\profapi.dll
0x000007fef75b0000 - 0x000007fef75ca000 	C:\Program Files\Android\Android Studio4\jre\jre\bin\net.dll
0x000007fefc7d0000 - 0x000007fefc825000 	C:\Windows\system32\mswsock.dll
0x000007fefc7c0000 - 0x000007fefc7c7000 	C:\Windows\System32\wship6.dll
0x000007fef6ef0000 - 0x000007fef6f01000 	C:\Program Files\Android\Android Studio4\jre\jre\bin\nio.dll
0x000007fef1f70000 - 0x000007fef1f8e000 	C:\Users\MARIA\.gradle\native\25\windows-amd64\native-platform.dll
0x000007fef9cb0000 - 0x000007fef9cbd000 	C:\Program Files\Android\Android Studio4\jre\jre\bin\management.dll
0x000007fefc830000 - 0x000007fefc848000 	C:\Windows\system32\CRYPTSP.dll
0x000007fefc530000 - 0x000007fefc577000 	C:\Windows\system32\rsaenh.dll
0x000007fefd3a0000 - 0x000007fefd3be000 	C:\Windows\system32\USERENV.dll
0x000007fefcee0000 - 0x000007fefceef000 	C:\Windows\system32\CRYPTBASE.dll
0x000007fefac50000 - 0x000007fefac77000 	C:\Windows\system32\IPHLPAPI.DLL
0x000007fefa960000 - 0x000007fefa96b000 	C:\Windows\system32\WINNSI.DLL
0x000007fefa6c0000 - 0x000007fefa6d1000 	C:\Windows\system32\dhcpcsvc6.DLL
0x000007fef9de0000 - 0x000007fef9df8000 	C:\Windows\system32\dhcpcsvc.DLL
0x000007fef62e0000 - 0x000007fef6405000 	C:\Windows\system32\dbghelp.dll

VM Arguments:
jvm_args: -Xmx1536m -Dfile.encoding=windows-1253 -Duser.country=GR -Duser.language=el -Duser.variant 
java_command: org.gradle.launcher.daemon.bootstrap.GradleDaemon 4.4
java_class_path (initial): C:\Users\MARIA\.gradle\wrapper\dists\gradle-4.4-all\9br9xq1tocpiv8o6njlyu5op1\gradle-4.4\lib\gradle-launcher-4.4.jar
Launcher Type: SUN_STANDARD

Environment Variables:
PATH=C:\ProgramData\Oracle\Java\javapath;C:\Program Files\ImageMagick-7.0.7-Q16;;;;;C:\Windows\system32;C:\Windows;C:\Windows\System32\Wbem;C:\Windows\System32\WindowsPowerShell\v1.0\;C:\Program Files\Java\jdk1.8.0_161\bin;C:\Program Files (x86)\Common Files\HP\Digital Imaging\bin;C:\Program Files (x86)\HP\Digital Imaging\bin\;C:\Program Files (x86)\HP\Digital Imaging\bin\Qt\Qt 4.3.3;C:\Program Files (x86)\Git\cmd
USERNAME=MARIA
OS=Windows_NT
PROCESSOR_IDENTIFIER=Intel64 Family 6 Model 23 Stepping 10, GenuineIntel



---------------  S Y S T E M  ---------------

OS: Windows 7 , 64 bit Build 7601 (6.1.7601.24094)

CPU:total 2 (initial active 2) (2 cores per cpu, 1 threads per core) family 6 model 23 stepping 10, cmov, cx8, fxsr, mmx, sse, sse2, sse3, ssse3, sse4.1, tsc

Memory: 4k page, physical 4192824k(1096864k free), swap 8383772k(4918052k free)

vm_info: OpenJDK 64-Bit Server VM (25.152-b02) for windows-amd64 JRE (1.8.0_152-release-1024-b02), built by "builder" with MS VC++ 10.0 (VS2010)

time: Sun Apr 22 09:42:12 2018
elapsed time: 14 seconds (0d 0h 0m 14s)

