#
# A fatal error has been detected by the Java Runtime Environment:
#
#  EXCEPTION_ACCESS_VIOLATION (0xc0000005) at pc=0xffffffffa33b5120, pid=1848, tid=0x000000000000129c
#
# JRE version: OpenJDK Runtime Environment (8.0_152-b02) (build 1.8.0_152-release-1024-b02)
# Java VM: OpenJDK 64-Bit Server VM (25.152-b02 mixed mode windows-amd64 compressed oops)
# Problematic frame:
# C  0xffffffffa33b5120
#
# Failed to write core dump. Minidumps are not enabled by default on client versions of Windows
#
# If you would like to submit a bug report, please visit:
#   http://bugreport.java.com/bugreport/crash.jsp
#

---------------  T H R E A D  ---------------

Current thread (0x000000005e9b4000):  JavaThread "Daemon worker Thread 5" [_thread_in_Java, id=4764, stack(0x0000000057590000,0x0000000057690000)]

siginfo: ExceptionCode=0xc0000005, ExceptionInformation=0x0000000000000008 0xffffffffa33b5120

Registers:
RAX=0x0000000055535948, RBX=0x0000000055535948, RCX=0x00000000e26a7818, RDX=0x00000000e26a7818
RSP=0x0000000057689da8, RBP=0x0000000057689e20, RSI=0x000000000000268a, RDI=0x000000000001bca8
R8 =0x0000000000002689, R9 =0x00000000e244efd0, R10=0x000000006418b680, R11=0x000000000288e880
R12=0x0000000000000000, R13=0x0000000057689dc0, R14=0x00000000654e94b8, R15=0x000000005e9b4000
RIP=0xffffffffa33b5120, EFLAGS=0x0000000000010202

Top of Stack: (sp=0x0000000057689da8)
0x0000000057689da8:   00000000023b7780 0000000057689e20
0x0000000057689db8:   00000000023b7780 0000000000002689
0x0000000057689dc8:   00000000e26a7818 0000000000000017
0x0000000057689dd8:   0000000000000000 0000000057689de0
0x0000000057689de8:   000000005553a5ba 0000000057689e38
0x0000000057689df8:   000000005553dfb0 00000000654e94b8
0x0000000057689e08:   000000005553a5d8 0000000057689dc0
0x0000000057689e18:   0000000057689e30 0000000057689e80
0x0000000057689e28:   00000000023b7ac0 0000000000002688
0x0000000057689e38:   00000000e26a7818 0000000057689e40
0x0000000057689e48:   000000005553a896 0000000057689ea0
0x0000000057689e58:   000000005553dfb0 00000000654e8fe0
0x0000000057689e68:   000000005553a8a0 0000000057689e30
0x0000000057689e78:   0000000057689e90 0000000057689ee8
0x0000000057689e88:   00000000023b7ac0 0000000000000000
0x0000000057689e98:   0000000000002688 00000000e26a7818 

Instructions: (pc=0xffffffffa33b5120)
0xffffffffa33b5100:   
[error occurred during error reporting (printing registers, top of stack, instructions near pc), id 0xc0000005]

Register to memory mapping:

RAX={method} {0x0000000055535950} '_get' '(I)B' in 'java/nio/HeapByteBuffer'
RBX={method} {0x0000000055535950} '_get' '(I)B' in 'java/nio/HeapByteBuffer'
RCX=0x00000000e26a7818 is an oop
java.nio.HeapByteBuffer 
 - klass: 'java/nio/HeapByteBuffer'
RDX=0x00000000e26a7818 is an oop
java.nio.HeapByteBuffer 
 - klass: 'java/nio/HeapByteBuffer'
RSP=0x0000000057689da8 is pointing into the stack for thread: 0x000000005e9b4000
RBP=0x0000000057689e20 is pointing into the stack for thread: 0x000000005e9b4000
RSI=0x000000000000268a is an unknown value
RDI=0x000000000001bca8 is an unknown value
R8 =0x0000000000002689 is an unknown value
R9 =0x00000000e244efd0 is an oop
java.lang.Class 
 - klass: 'java/lang/Class'
R10=0x000000006418b680 is an unknown value
R11=0x000000000288e880 is at entry_point+32 in (nmethod*)0x000000000288e710
R12=0x0000000000000000 is an unknown value
R13=0x0000000057689dc0 is pointing into the stack for thread: 0x000000005e9b4000
R14=0x00000000654e94b8 is pointing into metadata
R15=0x000000005e9b4000 is a thread


Stack: [0x0000000057590000,0x0000000057690000],  sp=0x0000000057689da8,  free space=999k
Native frames: (J=compiled Java code, j=interpreted, Vv=VM code, C=native code)
C  0xffffffffa33b5120


---------------  P R O C E S S  ---------------

Java Threads: ( => current thread )
  0x0000000062291000 JavaThread "ForkJoinPool.commonPool-worker-0" daemon [_thread_blocked, id=1192, stack(0x00000000643a0000,0x00000000644a0000)]
  0x000000006228d800 JavaThread "Cache worker for Java compile cache (D:\android\AndroidStudioProjects\OmegaMusicQuiz\.gradle\4.4\javaCompile)" [_thread_blocked, id=4336, stack(0x0000000064a90000,0x0000000064b90000)]
  0x000000005a8d9800 JavaThread "Worker Daemon Execution Thread 5" [_thread_blocked, id=3876, stack(0x0000000064610000,0x0000000064710000)]
  0x000000005a8dc800 JavaThread "Worker Daemon Execution Thread 4" [_thread_blocked, id=2732, stack(0x0000000064280000,0x0000000064380000)]
  0x000000005c4ff800 JavaThread "Worker Daemon Execution Thread 3" [_thread_blocked, id=1452, stack(0x0000000063400000,0x0000000063500000)]
  0x000000005c500800 JavaThread "Worker Daemon Execution Thread 2" [_thread_blocked, id=1248, stack(0x0000000063300000,0x0000000063400000)]
  0x000000005c4fe000 JavaThread "Worker Daemon Execution" [_thread_blocked, id=4152, stack(0x00000000631a0000,0x00000000632a0000)]
  0x000000005e9b7000 JavaThread "Task worker for ':'" [_thread_blocked, id=3376, stack(0x0000000062fe0000,0x00000000630e0000)]
  0x000000005e9b6000 JavaThread "Cache worker for Build Output Cleanup Cache (D:\android\AndroidStudioProjects\OmegaMusicQuiz\.gradle\buildOutputCleanup)" [_thread_blocked, id=1056, stack(0x00000000598b0000,0x00000000599b0000)]
  0x000000005e9b4800 JavaThread "Cache worker for task history cache (D:\android\AndroidStudioProjects\OmegaMusicQuiz\.gradle\4.4\taskHistory)" [_thread_blocked, id=2792, stack(0x000000005d9b0000,0x000000005dab0000)]
  0x000000005e9b3000 JavaThread "Cache worker for file content cache (D:\android\AndroidStudioProjects\OmegaMusicQuiz\.gradle\4.4\fileContent)" [_thread_blocked, id=1960, stack(0x000000005cfd0000,0x000000005d0d0000)]
  0x000000005e9b2800 JavaThread "build operations Thread 2" [_thread_blocked, id=1416, stack(0x0000000062e30000,0x0000000062f30000)]
  0x0000000055da0000 JavaThread "build operations" [_thread_blocked, id=3380, stack(0x0000000060210000,0x0000000060310000)]
  0x0000000055d9b800 JavaThread "Cache worker for Artifact transforms cache (C:\Users\MARIA\.gradle\caches\transforms-1)" [_thread_blocked, id=3744, stack(0x000000005a1e0000,0x000000005a2e0000)]
  0x0000000055d9c800 JavaThread "Cache worker for file hash cache (D:\android\AndroidStudioProjects\OmegaMusicQuiz\.gradle\4.4\fileHashes)" [_thread_blocked, id=1628, stack(0x000000005d830000,0x000000005d930000)]
  0x0000000055d9f800 JavaThread "Stdin handler" [_thread_blocked, id=2380, stack(0x000000005b630000,0x000000005b730000)]
  0x0000000055d9a000 JavaThread "Asynchronous log dispatcher for DefaultDaemonConnection: socket connection from /127.0.0.1:50718 to /127.0.0.1:51007" [_thread_blocked, id=4456, stack(0x0000000059e80000,0x0000000059f80000)]
  0x0000000055d9e800 JavaThread "Cancel handler" [_thread_blocked, id=3428, stack(0x0000000059d20000,0x0000000059e20000)]
  0x0000000055da1000 JavaThread "Handler for socket connection from /127.0.0.1:50718 to /127.0.0.1:51007" [_thread_in_native, id=4992, stack(0x0000000059c10000,0x0000000059d10000)]
=>0x000000005e9b4000 JavaThread "Daemon worker Thread 5" [_thread_in_Java, id=4764, stack(0x0000000057590000,0x0000000057690000)]
  0x000000005e9b1800 JavaThread "Daemon Thread 5" [_thread_blocked, id=2476, stack(0x00000000597a0000,0x00000000598a0000)]
  0x0000000055d9b000 JavaThread "Java2D Disposer" daemon [_thread_blocked, id=4424, stack(0x00000000644a0000,0x00000000645a0000)]
  0x000000005a8d7000 JavaThread "pool-2-thread-1" [_thread_blocked, id=1896, stack(0x0000000060cf0000,0x0000000060df0000)]
  0x000000005a8db000 JavaThread "Memory manager" [_thread_blocked, id=3812, stack(0x000000005e110000,0x000000005e210000)]
  0x000000005a8da000 JavaThread "pool-1-thread-1" [_thread_blocked, id=4512, stack(0x000000005d6f0000,0x000000005d7f0000)]
  0x0000000058914000 JavaThread "File lock request listener" [_thread_in_native, id=1400, stack(0x000000005a4c0000,0x000000005a5c0000)]
  0x0000000058744800 JavaThread "Cache worker for file hash cache (C:\Users\MARIA\.gradle\caches\4.4\fileHashes)" [_thread_blocked, id=3476, stack(0x000000005a320000,0x000000005a420000)]
  0x0000000058880800 JavaThread "Daemon periodic checks" [_thread_blocked, id=3988, stack(0x00000000595e0000,0x00000000596e0000)]
  0x000000005886c800 JavaThread "Incoming local TCP Connector on port 50718" [_thread_in_native, id=3204, stack(0x00000000594c0000,0x00000000595c0000)]
  0x0000000055d7c000 JavaThread "Service Thread" daemon [_thread_blocked, id=3032, stack(0x00000000576c0000,0x00000000577c0000)]
  0x0000000055d7b800 JavaThread "C1 CompilerThread1" daemon [_thread_blocked, id=2252, stack(0x0000000056ba0000,0x0000000056ca0000)]
  0x0000000055d71000 JavaThread "C2 CompilerThread0" daemon [_thread_blocked, id=2392, stack(0x0000000057070000,0x0000000057170000)]
  0x0000000055d80800 JavaThread "Attach Listener" daemon [_thread_blocked, id=4808, stack(0x0000000056e70000,0x0000000056f70000)]
  0x0000000055d7f000 JavaThread "Signal Dispatcher" daemon [_thread_blocked, id=988, stack(0x0000000056cf0000,0x0000000056df0000)]
  0x0000000055d5d000 JavaThread "Finalizer" daemon [_thread_blocked, id=3160, stack(0x0000000056a40000,0x0000000056b40000)]
  0x0000000055d13800 JavaThread "Reference Handler" daemon [_thread_blocked, id=3424, stack(0x0000000056750000,0x0000000056850000)]
  0x0000000001efe800 JavaThread "main" [_thread_blocked, id=4384, stack(0x0000000001fe0000,0x00000000020e0000)]

Other Threads:
  0x0000000055d0b800 VMThread [stack: 0x00000000565f0000,0x00000000566f0000] [id=2052]
  0x0000000057170800 WatcherThread [stack: 0x0000000057820000,0x0000000057920000] [id=3592]

VM state:not at safepoint (normal execution)

VM Mutex/Monitor currently owned by a thread: None

Heap:
 PSYoungGen      total 283136K, used 43852K [0x00000000e0000000, 0x00000000f6680000, 0x0000000100000000)
  eden space 263680K, 16% used [0x00000000e0000000,0x00000000e2ad3168,0x00000000f0180000)
  from space 19456K, 0% used [0x00000000f5380000,0x00000000f5380000,0x00000000f6680000)
  to   space 31232K, 0% used [0x00000000f2980000,0x00000000f2980000,0x00000000f4800000)
 ParOldGen       total 148480K, used 68769K [0x00000000a0000000, 0x00000000a9100000, 0x00000000e0000000)
  object space 148480K, 46% used [0x00000000a0000000,0x00000000a4328558,0x00000000a9100000)
 Metaspace       used 98228K, capacity 103795K, committed 104152K, reserved 1138688K
  class space    used 12618K, capacity 13939K, committed 14080K, reserved 1048576K

Card table byte_map: [0x0000000011770000,0x0000000011a80000] byte_map_base: 0x0000000011270000

Marking Bits: (ParMarkBitMap*) 0x00000000641a4970
 Begin Bits: [0x00000000120e0000, 0x00000000138e0000)
 End Bits:   [0x00000000138e0000, 0x00000000150e0000)

Polling page: 0x00000000002d0000

CodeCache: size=245760Kb used=46249Kb max_used=46249Kb free=199510Kb
 bounds [0x00000000023b0000, 0x0000000005120000, 0x00000000113b0000]
 total_blobs=15143 nmethods=14186 adapters=869
 compilation: enabled

Compilation events (10 events):
Event: 1824.609 Thread 0x0000000055d7b800 17139       1       com.android.tools.r8.ProgramResource$ByteResource::getKind (5 bytes)
Event: 1824.609 Thread 0x0000000055d7b800 nmethod 17139 0x000000000510e290 code [0x000000000510e3e0, 0x000000000510e4f0]
Event: 1824.609 Thread 0x0000000055d71000 nmethod 17137 0x000000000510e550 code [0x000000000510e680, 0x000000000510e738]
Event: 1824.609 Thread 0x0000000055d71000 17138 %     4       java.util.Arrays::hashCode @ 16 (44 bytes)
Event: 1824.613 Thread 0x0000000055d71000 nmethod 17138% 0x000000000510c950 code [0x000000000510caa0, 0x000000000510cc98]
Event: 1824.711 Thread 0x0000000055d7b800 17140       3       java.nio.HeapByteBuffer::getShort (18 bytes)
Event: 1824.712 Thread 0x0000000055d7b800 nmethod 17140 0x000000000510bb10 code [0x000000000510bce0, 0x000000000510c3e8]
Event: 1824.712 Thread 0x0000000055d7b800 17141       1       java.nio.HeapByteBuffer::_get (7 bytes)
Event: 1824.712 Thread 0x0000000055d7b800 nmethod 17141 0x000000000510b7d0 code [0x000000000510b920, 0x000000000510ba50]
Event: 1824.712 Thread 0x0000000055d7b800 17142       2       java.nio.Bits::getInt (18 bytes)

GC Heap History (10 events):
Event: 1465.058 GC heap before
{Heap before GC invocations=18 (full 3):
 PSYoungGen      total 331776K, used 311431K [0x00000000e0000000, 0x00000000f6c80000, 0x0000000100000000)
  eden space 300544K, 100% used [0x00000000e0000000,0x00000000f2580000,0x00000000f2580000)
  from space 31232K, 34% used [0x00000000f4280000,0x00000000f4d21f60,0x00000000f6100000)
  to   space 29696K, 0% used [0x00000000f2580000,0x00000000f2580000,0x00000000f4280000)
 ParOldGen       total 100864K, used 69731K [0x00000000a0000000, 0x00000000a6280000, 0x00000000e0000000)
  object space 100864K, 69% used [0x00000000a0000000,0x00000000a4418da8,0x00000000a6280000)
 Metaspace       used 85135K, capacity 89699K, committed 89944K, reserved 1126400K
  class space    used 11044K, capacity 12111K, committed 12160K, reserved 1048576K
Event: 1465.101 GC heap after
Heap after GC invocations=18 (full 3):
 PSYoungGen      total 330240K, used 12594K [0x00000000e0000000, 0x00000000f8180000, 0x0000000100000000)
  eden space 300544K, 0% used [0x00000000e0000000,0x00000000e0000000,0x00000000f2580000)
  from space 29696K, 42% used [0x00000000f2580000,0x00000000f31ccb20,0x00000000f4280000)
  to   space 28160K, 0% used [0x00000000f6600000,0x00000000f6600000,0x00000000f8180000)
 ParOldGen       total 100864K, used 69739K [0x00000000a0000000, 0x00000000a6280000, 0x00000000e0000000)
  object space 100864K, 69% used [0x00000000a0000000,0x00000000a441ada8,0x00000000a6280000)
 Metaspace       used 85135K, capacity 89699K, committed 89944K, reserved 1126400K
  class space    used 11044K, capacity 12111K, committed 12160K, reserved 1048576K
}
Event: 1745.661 GC heap before
{Heap before GC invocations=19 (full 3):
 PSYoungGen      total 330240K, used 313138K [0x00000000e0000000, 0x00000000f8180000, 0x0000000100000000)
  eden space 300544K, 100% used [0x00000000e0000000,0x00000000f2580000,0x00000000f2580000)
  from space 29696K, 42% used [0x00000000f2580000,0x00000000f31ccb20,0x00000000f4280000)
  to   space 28160K, 0% used [0x00000000f6600000,0x00000000f6600000,0x00000000f8180000)
 ParOldGen       total 100864K, used 69739K [0x00000000a0000000, 0x00000000a6280000, 0x00000000e0000000)
  object space 100864K, 69% used [0x00000000a0000000,0x00000000a441ada8,0x00000000a6280000)
 Metaspace       used 85956K, capacity 90949K, committed 91224K, reserved 1128448K
  class space    used 11140K, capacity 12332K, committed 12416K, reserved 1048576K
Event: 1745.853 GC heap after
Heap after GC invocations=19 (full 3):
 PSYoungGen      total 299008K, used 11220K [0x00000000e0000000, 0x00000000f7100000, 0x0000000100000000)
  eden space 287744K, 0% used [0x00000000e0000000,0x00000000e0000000,0x00000000f1900000)
  from space 11264K, 99% used [0x00000000f6600000,0x00000000f70f5080,0x00000000f7100000)
  to   space 26624K, 0% used [0x00000000f3d00000,0x00000000f3d00000,0x00000000f5700000)
 ParOldGen       total 100864K, used 69747K [0x00000000a0000000, 0x00000000a6280000, 0x00000000e0000000)
  object space 100864K, 69% used [0x00000000a0000000,0x00000000a441cda8,0x00000000a6280000)
 Metaspace       used 85956K, capacity 90949K, committed 91224K, reserved 1128448K
  class space    used 11140K, capacity 12332K, committed 12416K, reserved 1048576K
}
Event: 1798.973 GC heap before
{Heap before GC invocations=20 (full 3):
 PSYoungGen      total 299008K, used 298964K [0x00000000e0000000, 0x00000000f7100000, 0x0000000100000000)
  eden space 287744K, 100% used [0x00000000e0000000,0x00000000f1900000,0x00000000f1900000)
  from space 11264K, 99% used [0x00000000f6600000,0x00000000f70f5080,0x00000000f7100000)
  to   space 26624K, 0% used [0x00000000f3d00000,0x00000000f3d00000,0x00000000f5700000)
 ParOldGen       total 100864K, used 69747K [0x00000000a0000000, 0x00000000a6280000, 0x00000000e0000000)
  object space 100864K, 69% used [0x00000000a0000000,0x00000000a441cda8,0x00000000a6280000)
 Metaspace       used 86411K, capacity 91669K, committed 91864K, reserved 1128448K
  class space    used 11176K, capacity 12418K, committed 12544K, reserved 1048576K
Event: 1799.077 GC heap after
Heap after GC invocations=20 (full 3):
 PSYoungGen      total 298496K, used 22818K [0x00000000e0000000, 0x00000000f6680000, 0x0000000100000000)
  eden space 275456K, 0% used [0x00000000e0000000,0x00000000e0000000,0x00000000f0d00000)
  from space 23040K, 99% used [0x00000000f3d00000,0x00000000f5348880,0x00000000f5380000)
  to   space 19456K, 0% used [0x00000000f5380000,0x00000000f5380000,0x00000000f6680000)
 ParOldGen       total 100864K, used 69747K [0x00000000a0000000, 0x00000000a6280000, 0x00000000e0000000)
  object space 100864K, 69% used [0x00000000a0000000,0x00000000a441cda8,0x00000000a6280000)
 Metaspace       used 86411K, capacity 91669K, committed 91864K, reserved 1128448K
  class space    used 11176K, capacity 12418K, committed 12544K, reserved 1048576K
}
Event: 1821.281 GC heap before
{Heap before GC invocations=21 (full 3):
 PSYoungGen      total 298496K, used 180058K [0x00000000e0000000, 0x00000000f6680000, 0x0000000100000000)
  eden space 275456K, 57% used [0x00000000e0000000,0x00000000e998e328,0x00000000f0d00000)
  from space 23040K, 99% used [0x00000000f3d00000,0x00000000f5348880,0x00000000f5380000)
  to   space 19456K, 0% used [0x00000000f5380000,0x00000000f5380000,0x00000000f6680000)
 ParOldGen       total 100864K, used 69747K [0x00000000a0000000, 0x00000000a6280000, 0x00000000e0000000)
  object space 100864K, 69% used [0x00000000a0000000,0x00000000a441cda8,0x00000000a6280000)
 Metaspace       used 92884K, capacity 98229K, committed 98380K, reserved 1134592K
  class space    used 11929K, capacity 13222K, committed 13312K, reserved 1048576K
Event: 1821.349 GC heap after
Heap after GC invocations=21 (full 3):
 PSYoungGen      total 283136K, used 19438K [0x00000000e0000000, 0x00000000f6680000, 0x0000000100000000)
  eden space 263680K, 0% used [0x00000000e0000000,0x00000000e0000000,0x00000000f0180000)
  from space 19456K, 99% used [0x00000000f5380000,0x00000000f667bb30,0x00000000f6680000)
  to   space 31232K, 0% used [0x00000000f2980000,0x00000000f2980000,0x00000000f4800000)
 ParOldGen       total 100864K, used 73384K [0x00000000a0000000, 0x00000000a6280000, 0x00000000e0000000)
  object space 100864K, 72% used [0x00000000a0000000,0x00000000a47aa068,0x00000000a6280000)
 Metaspace       used 92884K, capacity 98229K, committed 98380K, reserved 1134592K
  class space    used 11929K, capacity 13222K, committed 13312K, reserved 1048576K
}
Event: 1821.349 GC heap before
{Heap before GC invocations=22 (full 4):
 PSYoungGen      total 283136K, used 19438K [0x00000000e0000000, 0x00000000f6680000, 0x0000000100000000)
  eden space 263680K, 0% used [0x00000000e0000000,0x00000000e0000000,0x00000000f0180000)
  from space 19456K, 99% used [0x00000000f5380000,0x00000000f667bb30,0x00000000f6680000)
  to   space 31232K, 0% used [0x00000000f2980000,0x00000000f2980000,0x00000000f4800000)
 ParOldGen       total 100864K, used 73384K [0x00000000a0000000, 0x00000000a6280000, 0x00000000e0000000)
  object space 100864K, 72% used [0x00000000a0000000,0x00000000a47aa068,0x00000000a6280000)
 Metaspace       used 92884K, capacity 98229K, committed 98380K, reserved 1134592K
  class space    used 11929K, capacity 13222K, committed 13312K, reserved 1048576K
Event: 1822.016 GC heap after
Heap after GC invocations=22 (full 4):
 PSYoungGen      total 283136K, used 0K [0x00000000e0000000, 0x00000000f6680000, 0x0000000100000000)
  eden space 263680K, 0% used [0x00000000e0000000,0x00000000e0000000,0x00000000f0180000)
  from space 19456K, 0% used [0x00000000f5380000,0x00000000f5380000,0x00000000f6680000)
  to   space 31232K, 0% used [0x00000000f2980000,0x00000000f2980000,0x00000000f4800000)
 ParOldGen       total 148480K, used 68769K [0x00000000a0000000, 0x00000000a9100000, 0x00000000e0000000)
  object space 148480K, 46% used [0x00000000a0000000,0x00000000a4328558,0x00000000a9100000)
 Metaspace       used 92697K, capacity 97835K, committed 98380K, reserved 1134592K
  class space    used 11886K, capacity 13155K, committed 13312K, reserved 1048576K
}

Deoptimization events (10 events):
Event: 1823.298 Thread 0x0000000062291000 Uncommon trap: reason=array_check action=maybe_recompile pc=0x00000000050b1758 method=java.util.TimSort.binarySort([Ljava/lang/Object;IIILjava/util/Comparator;)V @ 193
Event: 1823.298 Thread 0x0000000062291000 Uncommon trap: reason=array_check action=maybe_recompile pc=0x00000000050b1694 method=java.util.TimSort.binarySort([Ljava/lang/Object;IIILjava/util/Comparator;)V @ 215
Event: 1823.298 Thread 0x0000000062291000 Uncommon trap: reason=array_check action=maybe_recompile pc=0x00000000050b1694 method=java.util.TimSort.binarySort([Ljava/lang/Object;IIILjava/util/Comparator;)V @ 215
Event: 1823.298 Thread 0x0000000062291000 Uncommon trap: reason=array_check action=maybe_recompile pc=0x00000000050b1694 method=java.util.TimSort.binarySort([Ljava/lang/Object;IIILjava/util/Comparator;)V @ 215
Event: 1823.433 Thread 0x000000005e9b4000 Uncommon trap: reason=array_check action=maybe_recompile pc=0x000000000297a8d8 method=com.google.common.collect.RegularImmutableMap.fromEntryArray(I[Ljava/util/Map$Entry;)Lcom/google/common/collect/RegularImmutableMap; @ 200
Event: 1823.445 Thread 0x000000005e9b4000 Uncommon trap: reason=array_check action=maybe_recompile pc=0x000000000297a8d8 method=com.google.common.collect.RegularImmutableMap.fromEntryArray(I[Ljava/util/Map$Entry;)Lcom/google/common/collect/RegularImmutableMap; @ 200
Event: 1823.480 Thread 0x000000005e9b4000 Uncommon trap: reason=unstable_if action=reinterpret pc=0x0000000002b2c5b0 method=java.io.WinNTFileSystem.resolve(Ljava/lang/String;Ljava/lang/String;)Ljava/lang/String; @ 36
Event: 1823.504 Thread 0x000000005e9b4000 Uncommon trap: reason=speculate_class_check action=maybe_recompile pc=0x000000000431f7e0 method=org.gradle.api.internal.changedetection.state.AbstractScalarValueSnapshot.equals(Ljava/lang/Object;)Z @ 25
Event: 1823.529 Thread 0x000000005e9b4000 Uncommon trap: reason=bimorphic action=maybe_recompile pc=0x000000000297a928 method=com.google.common.collect.RegularImmutableMap.fromEntryArray(I[Ljava/util/Map$Entry;)Lcom/google/common/collect/RegularImmutableMap; @ 70
Event: 1824.688 Thread 0x000000005e9b4000 Uncommon trap: reason=unstable_if action=reinterpret pc=0x0000000003d8e844 method=java.nio.Bits.getShort(Ljava/nio/ByteBuffer;IZ)S @ 1

Classes redefined (0 events):
No events

Internal exceptions (10 events):
Event: 1823.288 Thread 0x0000000062291000 Exception <a 'sun/nio/fs/WindowsException'> (0x00000000e1a78048) thrown at [D:\src\AOSP-openjdk-cygwin\jdk8u\hotspot\src\share\vm\prims\jni.cpp, line 709]
Event: 1823.293 Thread 0x0000000062291000 Exception <a 'sun/nio/fs/WindowsException'> (0x00000000e1bbd7e8) thrown at [D:\src\AOSP-openjdk-cygwin\jdk8u\hotspot\src\share\vm\prims\jni.cpp, line 709]
Event: 1823.306 Thread 0x0000000062291000 Exception <a 'sun/nio/fs/WindowsException'> (0x00000000e1bcdce8) thrown at [D:\src\AOSP-openjdk-cygwin\jdk8u\hotspot\src\share\vm\prims\jni.cpp, line 709]
Event: 1823.311 Thread 0x0000000062291000 Exception <a 'sun/nio/fs/WindowsException'> (0x00000000e1bd6ab0) thrown at [D:\src\AOSP-openjdk-cygwin\jdk8u\hotspot\src\share\vm\prims\jni.cpp, line 709]
Event: 1823.315 Thread 0x0000000062291000 Exception <a 'sun/nio/fs/WindowsException'> (0x00000000e1ce0378) thrown at [D:\src\AOSP-openjdk-cygwin\jdk8u\hotspot\src\share\vm\prims\jni.cpp, line 709]
Event: 1823.347 Thread 0x0000000062291000 Exception <a 'sun/nio/fs/WindowsException'> (0x00000000e1ce6428) thrown at [D:\src\AOSP-openjdk-cygwin\jdk8u\hotspot\src\share\vm\prims\jni.cpp, line 709]
Event: 1823.354 Thread 0x0000000062291000 Exception <a 'sun/nio/fs/WindowsException'> (0x00000000e1cf77d8) thrown at [D:\src\AOSP-openjdk-cygwin\jdk8u\hotspot\src\share\vm\prims\jni.cpp, line 709]
Event: 1823.358 Thread 0x0000000062291000 Exception <a 'sun/nio/fs/WindowsException'> (0x00000000e1dc42b8) thrown at [D:\src\AOSP-openjdk-cygwin\jdk8u\hotspot\src\share\vm\prims\jni.cpp, line 709]
Event: 1823.375 Thread 0x0000000062291000 Exception <a 'sun/nio/fs/WindowsException'> (0x00000000e1dc9568) thrown at [D:\src\AOSP-openjdk-cygwin\jdk8u\hotspot\src\share\vm\prims\jni.cpp, line 709]
Event: 1824.606 Thread 0x000000005e9b4000 Exception <a 'sun/nio/fs/WindowsException'> (0x00000000e242b548) thrown at [D:\src\AOSP-openjdk-cygwin\jdk8u\hotspot\src\share\vm\prims\jni.cpp, line 709]

Events (10 events):
Event: 1824.678 loading class com/android/tools/r8/graph/DexMemberAnnotation$DexMethodAnnotation done
Event: 1824.678 loading class com/android/tools/r8/graph/DexMemberAnnotation$DexParameterAnnotation
Event: 1824.678 loading class com/android/tools/r8/graph/DexMemberAnnotation$DexParameterAnnotation done
Event: 1824.680 loading class com/android/tools/r8/graph/OffsetToObjectMapping
Event: 1824.680 loading class com/android/tools/r8/graph/OffsetToObjectMapping done
Event: 1824.688 loading class com/android/tools/r8/dex/Segment
Event: 1824.688 loading class com/android/tools/r8/dex/Segment done
Event: 1824.688 Thread 0x000000005e9b4000 Uncommon trap: trap_request=0xffffff65 fr.pc=0x0000000003d8e844
Event: 1824.688 Thread 0x000000005e9b4000 DEOPT PACKING pc=0x0000000003d8e844 sp=0x0000000057689e80
Event: 1824.688 Thread 0x000000005e9b4000 DEOPT UNPACKING pc=0x00000000023f557b sp=0x0000000057689dd0 mode 2


Dynamic libraries:
0x000000013f4e0000 - 0x000000013f511000 	C:\Program Files\Android\Android Studio4\jre\bin\java.exe
0x0000000076ce0000 - 0x0000000076e7f000 	C:\Windows\SYSTEM32\ntdll.dll
0x000007fef7180000 - 0x000007fef71b4000 	C:\Program Files\AVAST Software\Avast\x64\aswhooka.dll
0x0000000076ac0000 - 0x0000000076bdf000 	C:\Windows\system32\kernel32.dll
0x000007fefca40000 - 0x000007fefcaaa000 	C:\Windows\system32\KERNELBASE.dll
0x000007fefe350000 - 0x000007fefe42b000 	C:\Windows\system32\ADVAPI32.dll
0x000007fefef10000 - 0x000007fefefaf000 	C:\Windows\system32\msvcrt.dll
0x000007fefce40000 - 0x000007fefce5f000 	C:\Windows\SYSTEM32\sechost.dll
0x000007fefe680000 - 0x000007fefe7ad000 	C:\Windows\system32\RPCRT4.dll
0x0000000076be0000 - 0x0000000076cda000 	C:\Windows\system32\USER32.dll
0x000007fefe430000 - 0x000007fefe497000 	C:\Windows\system32\GDI32.dll
0x000007fefefb0000 - 0x000007fefefbe000 	C:\Windows\system32\LPK.dll
0x000007fefe910000 - 0x000007fefe9db000 	C:\Windows\system32\USP10.dll
0x000007feface0000 - 0x000007fefaed4000 	C:\Windows\WinSxS\amd64_microsoft.windows.common-controls_6595b64144ccf1df_6.0.7601.18837_none_fa3b1e3d17594757\COMCTL32.dll
0x000007fefcd70000 - 0x000007fefcde1000 	C:\Windows\system32\SHLWAPI.dll
0x000007fefea00000 - 0x000007fefea2e000 	C:\Windows\system32\IMM32.DLL
0x000007fefeda0000 - 0x000007fefeea9000 	C:\Windows\system32\MSCTF.dll
0x0000000060780000 - 0x0000000060852000 	C:\Program Files\Android\Android Studio4\jre\jre\bin\msvcr100.dll
0x00000000639e0000 - 0x000000006421f000 	C:\Program Files\Android\Android Studio4\jre\jre\bin\server\jvm.dll
0x000007fef9410000 - 0x000007fef9419000 	C:\Windows\system32\WSOCK32.dll
0x000007fefcdf0000 - 0x000007fefce3d000 	C:\Windows\system32\WS2_32.dll
0x000007fefefc0000 - 0x000007fefefc8000 	C:\Windows\system32\NSI.dll
0x000007fef9a90000 - 0x000007fef9acb000 	C:\Windows\system32\WINMM.dll
0x000007fefba70000 - 0x000007fefba7c000 	C:\Windows\system32\VERSION.dll
0x0000000076e90000 - 0x0000000076e97000 	C:\Windows\system32\PSAPI.DLL
0x000007fefb780000 - 0x000007fefb78f000 	C:\Program Files\Android\Android Studio4\jre\jre\bin\verify.dll
0x000007fef6e40000 - 0x000007fef6e69000 	C:\Program Files\Android\Android Studio4\jre\jre\bin\java.dll
0x000007fef56c0000 - 0x000007fef56d6000 	C:\Program Files\Android\Android Studio4\jre\jre\bin\zip.dll
0x000007fefd390000 - 0x000007fefe11b000 	C:\Windows\system32\SHELL32.dll
0x000007fefce60000 - 0x000007fefd05d000 	C:\Windows\system32\ole32.dll
0x000007fefc9b0000 - 0x000007fefc9bf000 	C:\Windows\system32\profapi.dll
0x000007fef56a0000 - 0x000007fef56ba000 	C:\Program Files\Android\Android Studio4\jre\jre\bin\net.dll
0x000007fefc140000 - 0x000007fefc195000 	C:\Windows\system32\mswsock.dll
0x000007fefc130000 - 0x000007fefc137000 	C:\Windows\System32\wship6.dll
0x000007fef5680000 - 0x000007fef5691000 	C:\Program Files\Android\Android Studio4\jre\jre\bin\nio.dll
0x000007fef2ab0000 - 0x000007fef2ace000 	C:\Users\MARIA\.gradle\native\25\windows-amd64\native-platform.dll
0x000007fef5a60000 - 0x000007fef5a6d000 	C:\Program Files\Android\Android Studio4\jre\jre\bin\management.dll
0x000007fefc1a0000 - 0x000007fefc1b8000 	C:\Windows\system32\CRYPTSP.dll
0x000007fefbea0000 - 0x000007fefbee7000 	C:\Windows\system32\rsaenh.dll
0x000007fefcbc0000 - 0x000007fefcbde000 	C:\Windows\system32\USERENV.dll
0x000007fefc850000 - 0x000007fefc85f000 	C:\Windows\system32\CRYPTBASE.dll
0x000007fefa450000 - 0x000007fefa477000 	C:\Windows\system32\IPHLPAPI.DLL
0x000007fefa1f0000 - 0x000007fefa1fb000 	C:\Windows\system32\WINNSI.DLL
0x000007fefa050000 - 0x000007fefa061000 	C:\Windows\system32\dhcpcsvc6.DLL
0x000007fefa030000 - 0x000007fefa048000 	C:\Windows\system32\dhcpcsvc.DLL
0x000007fee4330000 - 0x000007fee44c6000 	C:\Program Files\Android\Android Studio4\jre\jre\bin\awt.dll
0x000007fefe830000 - 0x000007fefe90a000 	C:\Windows\system32\OLEAUT32.dll
0x000007fee3f60000 - 0x000007fee4324000 	C:\Windows\system32\d2d1.dll
0x000007fefa6d0000 - 0x000007fefa6e8000 	C:\Windows\system32\DWMAPI.DLL
0x000007fefc7b0000 - 0x000007fefc807000 	C:\Windows\system32\apphelp.dll
0x000007fef4db0000 - 0x000007fef4ed5000 	C:\Windows\system32\dbghelp.dll

VM Arguments:
jvm_args: -Xmx1536m -Dfile.encoding=windows-1253 -Duser.country=GR -Duser.language=el -Duser.variant 
java_command: org.gradle.launcher.daemon.bootstrap.GradleDaemon 4.4
java_class_path (initial): C:\Users\MARIA\.gradle\wrapper\dists\gradle-4.4-all\9br9xq1tocpiv8o6njlyu5op1\gradle-4.4\lib\gradle-launcher-4.4.jar
Launcher Type: SUN_STANDARD

Environment Variables:
PATH=C:\ProgramData\Oracle\Java\javapath;C:\Program Files\ImageMagick-7.0.7-Q16;;;;;C:\Windows\system32;C:\Windows;C:\Windows\System32\Wbem;C:\Windows\System32\WindowsPowerShell\v1.0\;C:\Program Files\Java\jdk1.8.0_161\bin;C:\Program Files (x86)\Common Files\HP\Digital Imaging\bin;C:\Program Files (x86)\HP\Digital Imaging\bin\;C:\Program Files (x86)\HP\Digital Imaging\bin\Qt\Qt 4.3.3;C:\Program Files (x86)\Git\cmd
USERNAME=MARIA
OS=Windows_NT
PROCESSOR_IDENTIFIER=Intel64 Family 6 Model 23 Stepping 10, GenuineIntel



---------------  S Y S T E M  ---------------

OS: Windows 7 , 64 bit Build 7601 (6.1.7601.24094)

CPU:total 2 (initial active 2) (2 cores per cpu, 1 threads per core) family 6 model 23 stepping 10, cmov, cx8, fxsr, mmx, sse, sse2, sse3, ssse3, sse4.1, tsc

Memory: 4k page, physical 4192824k(258248k free), swap 8383772k(3868984k free)

vm_info: OpenJDK 64-Bit Server VM (25.152-b02) for windows-amd64 JRE (1.8.0_152-release-1024-b02), built by "builder" with MS VC++ 10.0 (VS2010)

time: Thu Apr 12 15:13:16 2018
elapsed time: 1824 seconds (0d 0h 30m 24s)

