#
# A fatal error has been detected by the Java Runtime Environment:
#
#  EXCEPTION_ACCESS_VIOLATION (0xc0000005) at pc=0xffffffffa3445120, pid=5644, tid=0x000000000000041c
#
# JRE version: OpenJDK Runtime Environment (8.0_152-b02) (build 1.8.0_152-release-1024-b02)
# Java VM: OpenJDK 64-Bit Server VM (25.152-b02 mixed mode windows-amd64 compressed oops)
# Problematic frame:
# C  0xffffffffa3445120
#
# Failed to write core dump. Minidumps are not enabled by default on client versions of Windows
#
# If you would like to submit a bug report, please visit:
#   http://bugreport.java.com/bugreport/crash.jsp
#

---------------  T H R E A D  ---------------

Current thread (0x0000000058803000):  JavaThread "Daemon worker" [_thread_in_Java, id=1052, stack(0x0000000059f80000,0x000000005a080000)]

siginfo: ExceptionCode=0xc0000005, ExceptionInformation=0x0000000000000008 0xffffffffa3445120

Registers:
RAX=0x000000005fdcfd68, RBX=0x0000000015912e70, RCX=0x00000000e0888d40, RDX=0x00000000a1fa8380
RSP=0x000000005a079f98, RBP=0x000000005a07a028, RSI=0x0000000000000138, RDI=0x0000000000001491
R8 =0x00000000e0888d40, R9 =0x0000000000000000, R10=0x000000001592d158, R11=0x00000000a1fa8380
R12=0x0000000000000000, R13=0x000000005a079fd8, R14=0x0000000061056ab8, R15=0x0000000058803000
RIP=0xffffffffa3445120, EFLAGS=0x0000000000010246

Top of Stack: (sp=0x000000005a079f98)
0x000000005a079f98:   0000000003624cb0 000000005a07a248
0x000000005a079fa8:   000000000363b2f4 0000000002447850
0x000000005a079fb8:   00000000e0ebace0 000000005a07a028
0x000000005a079fc8:   0000000002447e00 0000000002447e00
0x000000005a079fd8:   00000000e0888d40 00000000a1f80440
0x000000005a079fe8:   000000005a079fe8 000000005fd40439
0x000000005a079ff8:   000000005a07a058 000000005fdc2dd0
0x000000005a07a008:   0000000061056ab8 000000005fd40458
0x000000005a07a018:   000000005a079fd8 000000005a07a060
0x000000005a07a028:   000000005a07a248 000000000363694c
0x000000005a07a038:   00000000a173a5f0 00000000e0888cf0
0x000000005a07a048:   00000000a1f80440 00000000e072e328
0x000000005a07a058:   00000000e0ebabe0 00000000e1381670
0x000000005a07a068:   0000000000000000 000000005a07a1b0
0x000000005a07a078:   0000000002c134b4 00000000e0df5298
0x000000005a07a088:   000000005fd402f5 000000005a07a1b0 

Instructions: (pc=0xffffffffa3445120)
0xffffffffa3445100:   
[error occurred during error reporting (printing registers, top of stack, instructions near pc), id 0xc0000005]

Register to memory mapping:

RAX={method} {0x000000005fdcfd70} 'supertype' '(Lcom/sun/tools/javac/code/Type;)Lcom/sun/tools/javac/code/Type;' in 'com/sun/tools/javac/code/Types'
RBX=0x0000000015912e70 is pointing into metadata
RCX=0x00000000e0888d40 is an oop
com.sun.tools.javac.code.Type$ClassType 
 - klass: 'com/sun/tools/javac/code/Type$ClassType'
RDX=0x00000000a1fa8380 is an oop
com.sun.tools.javac.code.Types$18 
 - klass: 'com/sun/tools/javac/code/Types$18'
RSP=0x000000005a079f98 is pointing into the stack for thread: 0x0000000058803000
RBP=0x000000005a07a028 is pointing into the stack for thread: 0x0000000058803000
RSI=0x0000000000000138 is an unknown value
RDI=0x0000000000001491 is an unknown value
R8 =0x00000000e0888d40 is an oop
com.sun.tools.javac.code.Type$ClassType 
 - klass: 'com/sun/tools/javac/code/Type$ClassType'
R9 =0x0000000000000000 is an unknown value
R10=0x000000001592d158 is pointing into metadata
R11=0x00000000a1fa8380 is an oop
com.sun.tools.javac.code.Types$18 
 - klass: 'com/sun/tools/javac/code/Types$18'
R12=0x0000000000000000 is an unknown value
R13=0x000000005a079fd8 is pointing into the stack for thread: 0x0000000058803000
R14=0x0000000061056ab8 is pointing into metadata
R15=0x0000000058803000 is a thread


Stack: [0x0000000059f80000,0x000000005a080000],  sp=0x000000005a079f98,  free space=999k
Native frames: (J=compiled Java code, j=interpreted, Vv=VM code, C=native code)
C  0xffffffffa3445120


---------------  P R O C E S S  ---------------

Java Threads: ( => current thread )
  0x0000000058c14800 JavaThread "Cache worker for Java compile cache (D:\android\AndroidStudioProjects\OmegaMusicQuiz\.gradle\4.4\javaCompile)" [_thread_blocked, id=5896, stack(0x000000005f7e0000,0x000000005f8e0000)]
  0x00000000590a7000 JavaThread "Task worker for ':'" [_thread_blocked, id=6028, stack(0x000000005fae0000,0x000000005fbe0000)]
  0x00000000590a6800 JavaThread "Cache worker for Build Output Cleanup Cache (D:\android\AndroidStudioProjects\OmegaMusicQuiz\.gradle\buildOutputCleanup)" [_thread_blocked, id=1380, stack(0x000000005f8f0000,0x000000005f9f0000)]
  0x00000000590a5800 JavaThread "Cache worker for task history cache (D:\android\AndroidStudioProjects\OmegaMusicQuiz\.gradle\4.4\taskHistory)" [_thread_blocked, id=5380, stack(0x000000005f6e0000,0x000000005f7e0000)]
  0x00000000590a5000 JavaThread "Cache worker for file content cache (D:\android\AndroidStudioProjects\OmegaMusicQuiz\.gradle\4.4\fileContent)" [_thread_blocked, id=5848, stack(0x000000005f480000,0x000000005f580000)]
  0x0000000058c18000 JavaThread "Memory manager" [_thread_blocked, id=1876, stack(0x000000005e1c0000,0x000000005e2c0000)]
  0x0000000058c17800 JavaThread "pool-1-thread-1" [_thread_blocked, id=5832, stack(0x000000005e2d0000,0x000000005e3d0000)]
  0x0000000058c16000 JavaThread "build operations Thread 2" [_thread_blocked, id=5792, stack(0x000000005d4e0000,0x000000005d5e0000)]
  0x0000000058c15000 JavaThread "build operations" [_thread_blocked, id=5880, stack(0x000000005d980000,0x000000005da80000)]
  0x0000000058c13800 JavaThread "Cache worker for Artifact transforms cache (C:\Users\MARIA\.gradle\caches\transforms-1)" [_thread_blocked, id=5888, stack(0x000000005d640000,0x000000005d740000)]
  0x000000005913d000 JavaThread "Cache worker for file hash cache (D:\android\AndroidStudioProjects\OmegaMusicQuiz\.gradle\4.4\fileHashes)" [_thread_blocked, id=5876, stack(0x000000005b910000,0x000000005ba10000)]
  0x0000000058c98000 JavaThread "File lock request listener" [_thread_in_native, id=5580, stack(0x000000005a750000,0x000000005a850000)]
  0x0000000058ae5800 JavaThread "Cache worker for file hash cache (C:\Users\MARIA\.gradle\caches\4.4\fileHashes)" [_thread_blocked, id=5800, stack(0x000000005a250000,0x000000005a350000)]
  0x0000000058878000 JavaThread "Stdin handler" [_thread_blocked, id=5660, stack(0x000000005a370000,0x000000005a470000)]
  0x0000000058877800 JavaThread "Asynchronous log dispatcher for DefaultDaemonConnection: socket connection from /127.0.0.1:50087 to /127.0.0.1:50088" [_thread_blocked, id=2428, stack(0x000000005a090000,0x000000005a190000)]
=>0x0000000058803000 JavaThread "Daemon worker" [_thread_in_Java, id=1052, stack(0x0000000059f80000,0x000000005a080000)]
  0x0000000058800800 JavaThread "Cancel handler" [_thread_blocked, id=5684, stack(0x0000000059e80000,0x0000000059f80000)]
  0x0000000058842800 JavaThread "Handler for socket connection from /127.0.0.1:50087 to /127.0.0.1:50088" [_thread_in_native, id=5820, stack(0x0000000059a90000,0x0000000059b90000)]
  0x00000000587f5000 JavaThread "Daemon" [_thread_blocked, id=3164, stack(0x0000000059890000,0x0000000059990000)]
  0x00000000587f2800 JavaThread "Daemon periodic checks" [_thread_blocked, id=4704, stack(0x0000000059720000,0x0000000059820000)]
  0x00000000587a0000 JavaThread "Incoming local TCP Connector on port 50087" [_thread_in_native, id=5780, stack(0x0000000059560000,0x0000000059660000)]
  0x0000000055b58800 JavaThread "Service Thread" daemon [_thread_blocked, id=5352, stack(0x00000000575e0000,0x00000000576e0000)]
  0x0000000055b54800 JavaThread "C1 CompilerThread1" daemon [_thread_blocked, id=5768, stack(0x0000000057010000,0x0000000057110000)]
  0x0000000055af1000 JavaThread "C2 CompilerThread0" daemon [_thread_blocked, id=3100, stack(0x0000000056e50000,0x0000000056f50000)]
  0x0000000055b00800 JavaThread "Attach Listener" daemon [_thread_blocked, id=5776, stack(0x0000000056c80000,0x0000000056d80000)]
  0x0000000055aff000 JavaThread "Signal Dispatcher" daemon [_thread_blocked, id=792, stack(0x0000000056a30000,0x0000000056b30000)]
  0x0000000055add000 JavaThread "Finalizer" daemon [_thread_blocked, id=5476, stack(0x0000000056930000,0x0000000056a30000)]
  0x0000000055a93800 JavaThread "Reference Handler" daemon [_thread_blocked, id=5472, stack(0x00000000567b0000,0x00000000568b0000)]
  0x000000000036e800 JavaThread "main" [_thread_blocked, id=2808, stack(0x0000000002070000,0x0000000002170000)]

Other Threads:
  0x0000000055a8b800 VMThread [stack: 0x00000000565f0000,0x00000000566f0000] [id=5132]
  0x0000000057110800 WatcherThread [stack: 0x0000000057760000,0x0000000057860000] [id=5672]

VM state:not at safepoint (normal execution)

VM Mutex/Monitor currently owned by a thread: None

Heap:
 PSYoungGen      total 195072K, used 22402K [0x00000000e0000000, 0x00000000edb00000, 0x0000000100000000)
  eden space 174592K, 12% used [0x00000000e0000000,0x00000000e15e0990,0x00000000eaa80000)
  from space 20480K, 0% used [0x00000000ec180000,0x00000000ec180000,0x00000000ed580000)
  to   space 23552K, 0% used [0x00000000eaa80000,0x00000000eaa80000,0x00000000ec180000)
 ParOldGen       total 95232K, used 33968K [0x00000000a0000000, 0x00000000a5d00000, 0x00000000e0000000)
  object space 95232K, 35% used [0x00000000a0000000,0x00000000a212c038,0x00000000a5d00000)
 Metaspace       used 58449K, capacity 60132K, committed 60376K, reserved 1101824K
  class space    used 7929K, capacity 8329K, committed 8448K, reserved 1048576K

Card table byte_map: [0x0000000011800000,0x0000000011b10000] byte_map_base: 0x0000000011300000

Marking Bits: (ParMarkBitMap*) 0x0000000065334970
 Begin Bits: [0x0000000011e60000, 0x0000000013660000)
 End Bits:   [0x0000000013660000, 0x0000000014e60000)

Polling page: 0x0000000000350000

CodeCache: size=245760Kb used=18379Kb max_used=18392Kb free=227380Kb
 bounds [0x0000000002440000, 0x0000000003650000, 0x0000000011440000]
 total_blobs=7026 nmethods=6243 adapters=696
 compilation: enabled

Compilation events (10 events):
Event: 14.961 Thread 0x0000000055b54800 nmethod 6985 0x000000000363ba50 code [0x000000000363be60, 0x000000000363e7f8]
Event: 14.961 Thread 0x0000000055b54800 6988       3       com.sun.tools.javac.code.Type$MethodType::accept (9 bytes)
Event: 14.961 Thread 0x0000000055b54800 nmethod 6988 0x0000000003624f90 code [0x0000000003625100, 0x0000000003625328]
Event: 14.962 Thread 0x0000000055b54800 6989       3       com.sun.tools.javac.code.Type$ClassType::isParameterized (16 bytes)
Event: 14.962 Thread 0x0000000055b54800 nmethod 6989 0x000000000363fe50 code [0x000000000363ffc0, 0x0000000003640228]
Event: 14.962 Thread 0x0000000055b54800 6990       3       com.sun.tools.javac.code.Types::hasSameArgs (8 bytes)
Event: 14.962 Thread 0x0000000055b54800 nmethod 6990 0x00000000036402d0 code [0x0000000003640460, 0x00000000036409e8]
Event: 14.962 Thread 0x0000000055b54800 6991       3       com.sun.tools.javac.code.Symbol::hiddenInInternal (202 bytes)
Event: 14.964 Thread 0x0000000055b54800 nmethod 6991 0x0000000003640cd0 code [0x0000000003641080, 0x0000000003643568]
Event: 14.965 Thread 0x0000000055af1000 nmethod 6977 0x0000000003647d90 code [0x0000000003647f80, 0x0000000003648690]

GC Heap History (10 events):
Event: 6.219 GC heap before
{Heap before GC invocations=9 (full 2):
 PSYoungGen      total 138240K, used 10734K [0x00000000e0000000, 0x00000000ea700000, 0x0000000100000000)
  eden space 127488K, 0% used [0x00000000e0000000,0x00000000e0000000,0x00000000e7c80000)
  from space 10752K, 99% used [0x00000000e7c80000,0x00000000e86fb858,0x00000000e8700000)
  to   space 13312K, 0% used [0x00000000e9a00000,0x00000000e9a00000,0x00000000ea700000)
 ParOldGen       total 46080K, used 15172K [0x00000000a0000000, 0x00000000a2d00000, 0x00000000e0000000)
  object space 46080K, 32% used [0x00000000a0000000,0x00000000a0ed11a0,0x00000000a2d00000)
 Metaspace       used 34687K, capacity 35272K, committed 35416K, reserved 1079296K
  class space    used 4784K, capacity 4976K, committed 4992K, reserved 1048576K
Event: 6.358 GC heap after
Heap after GC invocations=9 (full 2):
 PSYoungGen      total 138240K, used 0K [0x00000000e0000000, 0x00000000ea700000, 0x0000000100000000)
  eden space 127488K, 0% used [0x00000000e0000000,0x00000000e0000000,0x00000000e7c80000)
  from space 10752K, 0% used [0x00000000e7c80000,0x00000000e7c80000,0x00000000e8700000)
  to   space 13312K, 0% used [0x00000000e9a00000,0x00000000e9a00000,0x00000000ea700000)
 ParOldGen       total 65536K, used 19120K [0x00000000a0000000, 0x00000000a4000000, 0x00000000e0000000)
  object space 65536K, 29% used [0x00000000a0000000,0x00000000a12ac3c8,0x00000000a4000000)
 Metaspace       used 34687K, capacity 35272K, committed 35416K, reserved 1079296K
  class space    used 4784K, capacity 4976K, committed 4992K, reserved 1048576K
}
Event: 8.549 GC heap before
{Heap before GC invocations=10 (full 2):
 PSYoungGen      total 138240K, used 127488K [0x00000000e0000000, 0x00000000ea700000, 0x0000000100000000)
  eden space 127488K, 100% used [0x00000000e0000000,0x00000000e7c80000,0x00000000e7c80000)
  from space 10752K, 0% used [0x00000000e7c80000,0x00000000e7c80000,0x00000000e8700000)
  to   space 13312K, 0% used [0x00000000e9a00000,0x00000000e9a00000,0x00000000ea700000)
 ParOldGen       total 65536K, used 19120K [0x00000000a0000000, 0x00000000a4000000, 0x00000000e0000000)
  object space 65536K, 29% used [0x00000000a0000000,0x00000000a12ac3c8,0x00000000a4000000)
 Metaspace       used 42925K, capacity 43808K, committed 44120K, reserved 1087488K
  class space    used 5914K, capacity 6211K, committed 6272K, reserved 1048576K
Event: 8.584 GC heap after
Heap after GC invocations=10 (full 2):
 PSYoungGen      total 155136K, used 13289K [0x00000000e0000000, 0x00000000ecf80000, 0x0000000100000000)
  eden space 141824K, 0% used [0x00000000e0000000,0x00000000e0000000,0x00000000e8a80000)
  from space 13312K, 99% used [0x00000000e9a00000,0x00000000ea6fa4a0,0x00000000ea700000)
  to   space 15872K, 0% used [0x00000000e8a80000,0x00000000e8a80000,0x00000000e9a00000)
 ParOldGen       total 65536K, used 19815K [0x00000000a0000000, 0x00000000a4000000, 0x00000000e0000000)
  object space 65536K, 30% used [0x00000000a0000000,0x00000000a1359f20,0x00000000a4000000)
 Metaspace       used 42925K, capacity 43808K, committed 44120K, reserved 1087488K
  class space    used 5914K, capacity 6211K, committed 6272K, reserved 1048576K
}
Event: 11.571 GC heap before
{Heap before GC invocations=11 (full 2):
 PSYoungGen      total 155136K, used 155113K [0x00000000e0000000, 0x00000000ecf80000, 0x0000000100000000)
  eden space 141824K, 100% used [0x00000000e0000000,0x00000000e8a80000,0x00000000e8a80000)
  from space 13312K, 99% used [0x00000000e9a00000,0x00000000ea6fa4a0,0x00000000ea700000)
  to   space 15872K, 0% used [0x00000000e8a80000,0x00000000e8a80000,0x00000000e9a00000)
 ParOldGen       total 65536K, used 19815K [0x00000000a0000000, 0x00000000a4000000, 0x00000000e0000000)
  object space 65536K, 30% used [0x00000000a0000000,0x00000000a1359f20,0x00000000a4000000)
 Metaspace       used 53152K, capacity 54650K, committed 54744K, reserved 1095680K
  class space    used 7267K, capacity 7638K, committed 7680K, reserved 1048576K
Event: 11.649 GC heap after
Heap after GC invocations=11 (full 2):
 PSYoungGen      total 157696K, used 15852K [0x00000000e0000000, 0x00000000ed580000, 0x0000000100000000)
  eden space 141824K, 0% used [0x00000000e0000000,0x00000000e0000000,0x00000000e8a80000)
  from space 15872K, 99% used [0x00000000e8a80000,0x00000000e99fb3d8,0x00000000e9a00000)
  to   space 20480K, 0% used [0x00000000ec180000,0x00000000ec180000,0x00000000ed580000)
 ParOldGen       total 65536K, used 24539K [0x00000000a0000000, 0x00000000a4000000, 0x00000000e0000000)
  object space 65536K, 37% used [0x00000000a0000000,0x00000000a17f6fb0,0x00000000a4000000)
 Metaspace       used 53152K, capacity 54650K, committed 54744K, reserved 1095680K
  class space    used 7267K, capacity 7638K, committed 7680K, reserved 1048576K
}
Event: 14.028 GC heap before
{Heap before GC invocations=12 (full 2):
 PSYoungGen      total 157696K, used 80731K [0x00000000e0000000, 0x00000000ed580000, 0x0000000100000000)
  eden space 141824K, 45% used [0x00000000e0000000,0x00000000e3f5b950,0x00000000e8a80000)
  from space 15872K, 99% used [0x00000000e8a80000,0x00000000e99fb3d8,0x00000000e9a00000)
  to   space 20480K, 0% used [0x00000000ec180000,0x00000000ec180000,0x00000000ed580000)
 ParOldGen       total 65536K, used 24539K [0x00000000a0000000, 0x00000000a4000000, 0x00000000e0000000)
  object space 65536K, 37% used [0x00000000a0000000,0x00000000a17f6fb0,0x00000000a4000000)
 Metaspace       used 57176K, capacity 58820K, committed 58968K, reserved 1099776K
  class space    used 7816K, capacity 8233K, committed 8320K, reserved 1048576K
Event: 14.083 GC heap after
Heap after GC invocations=12 (full 2):
 PSYoungGen      total 195072K, used 20469K [0x00000000e0000000, 0x00000000edb00000, 0x0000000100000000)
  eden space 174592K, 0% used [0x00000000e0000000,0x00000000e0000000,0x00000000eaa80000)
  from space 20480K, 99% used [0x00000000ec180000,0x00000000ed57d790,0x00000000ed580000)
  to   space 23552K, 0% used [0x00000000eaa80000,0x00000000eaa80000,0x00000000ec180000)
 ParOldGen       total 65536K, used 25012K [0x00000000a0000000, 0x00000000a4000000, 0x00000000e0000000)
  object space 65536K, 38% used [0x00000000a0000000,0x00000000a186d1b0,0x00000000a4000000)
 Metaspace       used 57176K, capacity 58820K, committed 58968K, reserved 1099776K
  class space    used 7816K, capacity 8233K, committed 8320K, reserved 1048576K
}
Event: 14.083 GC heap before
{Heap before GC invocations=13 (full 3):
 PSYoungGen      total 195072K, used 20469K [0x00000000e0000000, 0x00000000edb00000, 0x0000000100000000)
  eden space 174592K, 0% used [0x00000000e0000000,0x00000000e0000000,0x00000000eaa80000)
  from space 20480K, 99% used [0x00000000ec180000,0x00000000ed57d790,0x00000000ed580000)
  to   space 23552K, 0% used [0x00000000eaa80000,0x00000000eaa80000,0x00000000ec180000)
 ParOldGen       total 65536K, used 25012K [0x00000000a0000000, 0x00000000a4000000, 0x00000000e0000000)
  object space 65536K, 38% used [0x00000000a0000000,0x00000000a186d1b0,0x00000000a4000000)
 Metaspace       used 57176K, capacity 58820K, committed 58968K, reserved 1099776K
  class space    used 7816K, capacity 8233K, committed 8320K, reserved 1048576K
Event: 14.438 GC heap after
Heap after GC invocations=13 (full 3):
 PSYoungGen      total 195072K, used 0K [0x00000000e0000000, 0x00000000edb00000, 0x0000000100000000)
  eden space 174592K, 0% used [0x00000000e0000000,0x00000000e0000000,0x00000000eaa80000)
  from space 20480K, 0% used [0x00000000ec180000,0x00000000ec180000,0x00000000ed580000)
  to   space 23552K, 0% used [0x00000000eaa80000,0x00000000eaa80000,0x00000000ec180000)
 ParOldGen       total 95232K, used 33968K [0x00000000a0000000, 0x00000000a5d00000, 0x00000000e0000000)
  object space 95232K, 35% used [0x00000000a0000000,0x00000000a212c038,0x00000000a5d00000)
 Metaspace       used 57176K, capacity 58820K, committed 58968K, reserved 1099776K
  class space    used 7816K, capacity 8233K, committed 8320K, reserved 1048576K
}

Deoptimization events (10 events):
Event: 13.805 Thread 0x0000000058803000 Uncommon trap: reason=class_check action=maybe_recompile pc=0x00000000030afa34 method=java.util.regex.Matcher.search(I)Z @ 86
Event: 13.807 Thread 0x0000000058803000 Uncommon trap: reason=unstable_if action=reinterpret pc=0x00000000035645f0 method=org.gradle.api.internal.file.pattern.PatternMatcherFactory$PathMatcherBackedSpec.isSatisfiedBy(Lorg/gradle/api/file/RelativePath;)Z @ 11
Event: 13.809 Thread 0x0000000058803000 Uncommon trap: reason=unstable_if action=reinterpret pc=0x00000000034a0d94 method=org.gradle.api.internal.file.pattern.FixedStepPathMatcher.matches([Ljava/lang/String;I)Z @ 35
Event: 13.879 Thread 0x0000000058803000 Uncommon trap: reason=class_check action=maybe_recompile pc=0x000000000311ada4 method=java.util.regex.Matcher.search(I)Z @ 86
Event: 13.882 Thread 0x0000000058803000 Uncommon trap: reason=class_check action=maybe_recompile pc=0x000000000311ada4 method=java.util.regex.Matcher.search(I)Z @ 86
Event: 13.883 Thread 0x0000000058803000 Uncommon trap: reason=class_check action=maybe_recompile pc=0x00000000030afa34 method=java.util.regex.Matcher.search(I)Z @ 86
Event: 13.884 Thread 0x0000000058803000 Uncommon trap: reason=class_check action=maybe_recompile pc=0x0000000003070790 method=java.util.regex.Matcher.search(I)Z @ 86
Event: 14.453 Thread 0x0000000058803000 Uncommon trap: reason=range_check action=make_not_entrant pc=0x00000000034c32c8 method=java.lang.String.charAt(I)C @ 27
Event: 14.489 Thread 0x0000000058803000 Uncommon trap: reason=unstable_if action=reinterpret pc=0x0000000002ef8438 method=java.lang.StringCoding$StringDecoder.decode([BII)[C @ 20
Event: 14.509 Thread 0x0000000058803000 Uncommon trap: reason=unstable_if action=reinterpret pc=0x00000000031ed114 method=java.lang.CharacterDataLatin1.digit(II)I @ 60

Classes redefined (0 events):
No events

Internal exceptions (10 events):
Event: 10.709 Thread 0x0000000058803000 Exception <a 'java/lang/ClassNotFoundException': org/gradle/model/internal/core/NodeBackedModelMapCustomizer> (0x00000000e7605dd8) thrown at [D:\src\AOSP-openjdk-cygwin\jdk8u\hotspot\src\share\vm\classfile\systemDictionary.cpp, line 210]
Event: 10.713 Thread 0x0000000058803000 Exception <a 'java/lang/ClassNotFoundException': org/gradle/platform/base/BinaryContainer_ImplCustomizer> (0x00000000e7669258) thrown at [D:\src\AOSP-openjdk-cygwin\jdk8u\hotspot\src\share\vm\classfile\systemDictionary.cpp, line 210]
Event: 10.932 Thread 0x0000000058803000 Exception <a 'java/lang/NoSuchMethodError': <clinit>> (0x00000000e7eb0000) thrown at [D:\src\AOSP-openjdk-cygwin\jdk8u\hotspot\src\share\vm\prims\jni.cpp, line 1613]
Event: 10.934 Thread 0x0000000058803000 Exception <a 'java/lang/NoSuchMethodError': <clinit>> (0x00000000e7ebebb0) thrown at [D:\src\AOSP-openjdk-cygwin\jdk8u\hotspot\src\share\vm\prims\jni.cpp, line 1613]
Event: 10.952 Thread 0x0000000058803000 Exception <a 'java/lang/NoSuchMethodError': <clinit>> (0x00000000e7f48350) thrown at [D:\src\AOSP-openjdk-cygwin\jdk8u\hotspot\src\share\vm\prims\jni.cpp, line 1613]
Event: 10.953 Thread 0x0000000058803000 Exception <a 'java/lang/NoSuchMethodError': <clinit>> (0x00000000e7f64050) thrown at [D:\src\AOSP-openjdk-cygwin\jdk8u\hotspot\src\share\vm\prims\jni.cpp, line 1613]
Event: 10.954 Thread 0x0000000058803000 Exception <a 'java/lang/NoSuchMethodError': <clinit>> (0x00000000e7f65eb8) thrown at [D:\src\AOSP-openjdk-cygwin\jdk8u\hotspot\src\share\vm\prims\jni.cpp, line 1613]
Event: 11.131 Thread 0x0000000058803000 Implicit null exception at 0x00000000029c7c57 to 0x00000000029c8159
Event: 12.835 Thread 0x0000000058803000 Exception <a 'java/lang/NoSuchMethodError': <clinit>> (0x00000000e103e130) thrown at [D:\src\AOSP-openjdk-cygwin\jdk8u\hotspot\src\share\vm\prims\jni.cpp, line 1613]
Event: 12.836 Thread 0x0000000058803000 Exception <a 'java/lang/NoSuchMethodError': <clinit>> (0x00000000e1048cc8) thrown at [D:\src\AOSP-openjdk-cygwin\jdk8u\hotspot\src\share\vm\prims\jni.cpp, line 1613]

Events (10 events):
Event: 14.940 loading class com/sun/tools/javac/comp/Flow$FlowAnalyzer$FlowPendingExit
Event: 14.940 loading class com/sun/tools/javac/comp/Flow$FlowAnalyzer$FlowPendingExit done
Event: 14.941 loading class com/sun/tools/javac/comp/Flow$CaptureAnalyzer
Event: 14.941 loading class com/sun/tools/javac/comp/Flow$CaptureAnalyzer done
Event: 14.942 loading class com/sun/tools/javac/main/JavaCompiler$1ScanNested
Event: 14.942 loading class com/sun/tools/javac/main/JavaCompiler$1ScanNested done
Event: 14.942 loading class com/sun/tools/javac/tree/TreeMaker$1
Event: 14.942 loading class com/sun/tools/javac/tree/TreeMaker$1 done
Event: 14.943 Executing VM operation: ForceSafepoint
Event: 14.944 Executing VM operation: ForceSafepoint done


Dynamic libraries:
0x000000013f4c0000 - 0x000000013f4f1000 	C:\Program Files\Android\Android Studio4\jre\bin\java.exe
0x0000000077b60000 - 0x0000000077cff000 	C:\Windows\SYSTEM32\ntdll.dll
0x000007fef7b30000 - 0x000007fef7b64000 	C:\Program Files\AVAST Software\Avast\x64\aswhooka.dll
0x0000000077a40000 - 0x0000000077b5f000 	C:\Windows\system32\kernel32.dll
0x000007fefda70000 - 0x000007fefdada000 	C:\Windows\system32\KERNELBASE.dll
0x000007fefdf30000 - 0x000007fefe00b000 	C:\Windows\system32\ADVAPI32.dll
0x000007fefe4d0000 - 0x000007fefe56f000 	C:\Windows\system32\msvcrt.dll
0x000007fefe7a0000 - 0x000007fefe7bf000 	C:\Windows\SYSTEM32\sechost.dll
0x000007fefdc50000 - 0x000007fefdd7d000 	C:\Windows\system32\RPCRT4.dll
0x0000000077940000 - 0x0000000077a3a000 	C:\Windows\system32\USER32.dll
0x000007feffcd0000 - 0x000007feffd37000 	C:\Windows\system32\GDI32.dll
0x000007feffcc0000 - 0x000007feffcce000 	C:\Windows\system32\LPK.dll
0x000007feff820000 - 0x000007feff8eb000 	C:\Windows\system32\USP10.dll
0x000007fefbe30000 - 0x000007fefc024000 	C:\Windows\WinSxS\amd64_microsoft.windows.common-controls_6595b64144ccf1df_6.0.7601.18837_none_fa3b1e3d17594757\COMCTL32.dll
0x000007feffba0000 - 0x000007feffc11000 	C:\Windows\system32\SHLWAPI.dll
0x000007fefe570000 - 0x000007fefe59e000 	C:\Windows\system32\IMM32.DLL
0x000007feffd40000 - 0x000007feffe49000 	C:\Windows\system32\MSCTF.dll
0x000000005dea0000 - 0x000000005df72000 	C:\Program Files\Android\Android Studio4\jre\jre\bin\msvcr100.dll
0x0000000064b70000 - 0x00000000653af000 	C:\Program Files\Android\Android Studio4\jre\jre\bin\server\jvm.dll
0x000007fef6b80000 - 0x000007fef6b89000 	C:\Windows\system32\WSOCK32.dll
0x000007fefde60000 - 0x000007fefdead000 	C:\Windows\system32\WS2_32.dll
0x000007feffb90000 - 0x000007feffb98000 	C:\Windows\system32\NSI.dll
0x000007fefa920000 - 0x000007fefa95b000 	C:\Windows\system32\WINMM.dll
0x000007fefc8f0000 - 0x000007fefc8fc000 	C:\Windows\system32\VERSION.dll
0x0000000077d00000 - 0x0000000077d07000 	C:\Windows\system32\PSAPI.DLL
0x000007fefc040000 - 0x000007fefc04f000 	C:\Program Files\Android\Android Studio4\jre\jre\bin\verify.dll
0x000007fef34b0000 - 0x000007fef34d9000 	C:\Program Files\Android\Android Studio4\jre\jre\bin\java.dll
0x000007fef3b10000 - 0x000007fef3b26000 	C:\Program Files\Android\Android Studio4\jre\jre\bin\zip.dll
0x000007fefea90000 - 0x000007feff81b000 	C:\Windows\system32\SHELL32.dll
0x000007feff990000 - 0x000007feffb8d000 	C:\Windows\system32\ole32.dll
0x000007fefd830000 - 0x000007fefd83f000 	C:\Windows\system32\profapi.dll
0x000007fef3490000 - 0x000007fef34aa000 	C:\Program Files\Android\Android Studio4\jre\jre\bin\net.dll
0x000007fefcfc0000 - 0x000007fefd015000 	C:\Windows\system32\mswsock.dll
0x000007fefcfb0000 - 0x000007fefcfb7000 	C:\Windows\System32\wship6.dll
0x000007fef3470000 - 0x000007fef3481000 	C:\Program Files\Android\Android Studio4\jre\jre\bin\nio.dll
0x000007fef3250000 - 0x000007fef326e000 	C:\Users\MARIA\.gradle\native\25\windows-amd64\native-platform.dll
0x000007fef3b00000 - 0x000007fef3b0d000 	C:\Program Files\Android\Android Studio4\jre\jre\bin\management.dll
0x000007fefd020000 - 0x000007fefd038000 	C:\Windows\system32\CRYPTSP.dll
0x000007fefcd20000 - 0x000007fefcd67000 	C:\Windows\system32\rsaenh.dll
0x000007fefda10000 - 0x000007fefda2e000 	C:\Windows\system32\USERENV.dll
0x000007fefd6d0000 - 0x000007fefd6df000 	C:\Windows\system32\CRYPTBASE.dll
0x000007fefb040000 - 0x000007fefb067000 	C:\Windows\system32\IPHLPAPI.DLL
0x000007fefb030000 - 0x000007fefb03b000 	C:\Windows\system32\WINNSI.DLL
0x000007fefaf50000 - 0x000007fefaf61000 	C:\Windows\system32\dhcpcsvc6.DLL
0x000007fefaf30000 - 0x000007fefaf48000 	C:\Windows\system32\dhcpcsvc.DLL
0x000007fef66f0000 - 0x000007fef6815000 	C:\Windows\system32\dbghelp.dll

VM Arguments:
jvm_args: -Xmx1536m -Dfile.encoding=windows-1253 -Duser.country=GR -Duser.language=el -Duser.variant 
java_command: org.gradle.launcher.daemon.bootstrap.GradleDaemon 4.4
java_class_path (initial): C:\Users\MARIA\.gradle\wrapper\dists\gradle-4.4-all\9br9xq1tocpiv8o6njlyu5op1\gradle-4.4\lib\gradle-launcher-4.4.jar
Launcher Type: SUN_STANDARD

Environment Variables:
PATH=C:\ProgramData\Oracle\Java\javapath;C:\Program Files\ImageMagick-7.0.7-Q16;;;;;C:\Windows\system32;C:\Windows;C:\Windows\System32\Wbem;C:\Windows\System32\WindowsPowerShell\v1.0\;C:\Program Files\Java\jdk1.8.0_161\bin;C:\Program Files (x86)\Common Files\HP\Digital Imaging\bin;C:\Program Files (x86)\HP\Digital Imaging\bin\;C:\Program Files (x86)\HP\Digital Imaging\bin\Qt\Qt 4.3.3;C:\Program Files (x86)\Git\cmd
USERNAME=MARIA
OS=Windows_NT
PROCESSOR_IDENTIFIER=Intel64 Family 6 Model 23 Stepping 10, GenuineIntel



---------------  S Y S T E M  ---------------

OS: Windows 7 , 64 bit Build 7601 (6.1.7601.24094)

CPU:total 2 (initial active 2) (2 cores per cpu, 1 threads per core) family 6 model 23 stepping 10, cmov, cx8, fxsr, mmx, sse, sse2, sse3, ssse3, sse4.1, tsc

Memory: 4k page, physical 4192824k(617092k free), swap 8383772k(4255112k free)

vm_info: OpenJDK 64-Bit Server VM (25.152-b02) for windows-amd64 JRE (1.8.0_152-release-1024-b02), built by "builder" with MS VC++ 10.0 (VS2010)

time: Sun Apr 15 14:11:25 2018
elapsed time: 14 seconds (0d 0h 0m 14s)

